2021-11-03 15:07:03,147 Namespace(eval_interval=1, frequent=10, gpus='', num_workers=4, out_dir='out')
2021-11-03 15:07:03,177 => load 200 samples
2021-11-03 15:07:03,180 => load 200 samples
2021-11-03 15:07:05,042 Epoch: [0][0/200]	Time 1.860s (1.860s)	Speed 17.2 samples/s	Data 1.170s (1.170s)	Loss 2.53597 (2.53597)
2021-11-03 15:07:09,704 Epoch: [0][10/200]	Time 0.436s (0.593s)	Speed 73.4 samples/s	Data 0.001s (0.112s)	Loss 2.05202 (2.26256)
2021-11-03 15:07:14,221 Epoch: [0][20/200]	Time 0.458s (0.526s)	Speed 69.9 samples/s	Data 0.001s (0.059s)	Loss 1.76550 (2.08464)
2021-11-03 15:07:18,979 Epoch: [0][30/200]	Time 0.524s (0.510s)	Speed 61.1 samples/s	Data 0.001s (0.040s)	Loss 1.51168 (1.93405)
2021-11-03 15:07:24,278 Epoch: [0][40/200]	Time 0.507s (0.515s)	Speed 63.2 samples/s	Data 0.002s (0.031s)	Loss 1.28993 (1.80072)
2021-11-03 15:07:29,559 Epoch: [0][50/200]	Time 0.510s (0.517s)	Speed 62.7 samples/s	Data 0.001s (0.025s)	Loss 1.09839 (1.68026)
2021-11-03 15:07:34,404 Epoch: [0][60/200]	Time 0.483s (0.512s)	Speed 66.3 samples/s	Data 0.001s (0.021s)	Loss 0.92881 (1.56886)
2021-11-03 15:07:39,249 Epoch: [0][70/200]	Time 0.531s (0.508s)	Speed 60.3 samples/s	Data 0.000s (0.018s)	Loss 0.77206 (1.46714)
2021-11-03 15:07:44,546 Epoch: [0][80/200]	Time 0.485s (0.511s)	Speed 65.9 samples/s	Data 0.001s (0.016s)	Loss 0.66069 (1.37383)
2021-11-03 15:07:50,292 Epoch: [0][90/200]	Time 0.543s (0.518s)	Speed 59.0 samples/s	Data 0.000s (0.014s)	Loss 0.58098 (1.28973)
2021-11-03 15:07:55,003 Epoch: [0][100/200]	Time 0.474s (0.513s)	Speed 67.5 samples/s	Data 0.001s (0.013s)	Loss 0.48759 (1.21398)
2021-11-03 15:07:59,558 Epoch: [0][110/200]	Time 0.450s (0.508s)	Speed 71.1 samples/s	Data 0.000s (0.012s)	Loss 0.41684 (1.14547)
2021-11-03 15:08:04,237 Epoch: [0][120/200]	Time 0.466s (0.505s)	Speed 68.7 samples/s	Data 0.000s (0.011s)	Loss 0.36569 (1.08368)
2021-11-03 15:08:09,517 Epoch: [0][130/200]	Time 0.493s (0.506s)	Speed 65.0 samples/s	Data 0.001s (0.010s)	Loss 0.34710 (1.02763)
2021-11-03 15:08:14,320 Epoch: [0][140/200]	Time 0.480s (0.505s)	Speed 66.7 samples/s	Data 0.001s (0.010s)	Loss 0.31034 (0.97776)
2021-11-03 15:08:19,656 Epoch: [0][150/200]	Time 0.491s (0.506s)	Speed 65.2 samples/s	Data 0.001s (0.009s)	Loss 0.28811 (0.93222)
2021-11-03 15:08:25,119 Epoch: [0][160/200]	Time 0.826s (0.509s)	Speed 38.7 samples/s	Data 0.000s (0.009s)	Loss 0.26920 (0.89116)
2021-11-03 15:08:30,680 Epoch: [0][170/200]	Time 0.660s (0.512s)	Speed 48.5 samples/s	Data 0.002s (0.008s)	Loss 0.25952 (0.85384)
2021-11-03 15:08:35,374 Epoch: [0][180/200]	Time 0.468s (0.509s)	Speed 68.4 samples/s	Data 0.001s (0.008s)	Loss 0.23178 (0.81992)
2021-11-03 15:08:39,959 Epoch: [0][190/200]	Time 0.474s (0.507s)	Speed 67.5 samples/s	Data 0.001s (0.007s)	Loss 0.20751 (0.78835)
2021-11-03 15:08:45,373 Test: [0/200]	Time 1.199 (1.199)	Loss 0.4936 (0.4936)
2021-11-03 15:08:46,969 Test: [10/200]	Time 0.028 (0.254)	Loss 0.1540 (0.3929)
2021-11-03 15:08:47,339 Test: [20/200]	Time 0.030 (0.151)	Loss 0.2945 (0.4076)
2021-11-03 15:08:47,689 Test: [30/200]	Time 0.034 (0.113)	Loss 0.6040 (0.4159)
2021-11-03 15:08:48,026 Test: [40/200]	Time 0.030 (0.094)	Loss 0.4398 (0.4320)
2021-11-03 15:08:48,400 Test: [50/200]	Time 0.027 (0.083)	Loss 0.5331 (0.4368)
2021-11-03 15:08:48,759 Test: [60/200]	Time 0.032 (0.075)	Loss 0.5083 (0.4381)
2021-11-03 15:08:49,137 Test: [70/200]	Time 0.056 (0.070)	Loss 0.4197 (0.4364)
2021-11-03 15:08:49,498 Test: [80/200]	Time 0.038 (0.066)	Loss 0.5220 (0.4308)
2021-11-03 15:08:50,175 Test: [90/200]	Time 0.039 (0.066)	Loss 0.5250 (0.4346)
2021-11-03 15:08:50,505 Test: [100/200]	Time 0.028 (0.063)	Loss 0.5328 (0.4329)
2021-11-03 15:08:50,831 Test: [110/200]	Time 0.033 (0.060)	Loss 0.5154 (0.4347)
2021-11-03 15:08:51,193 Test: [120/200]	Time 0.040 (0.058)	Loss 0.4915 (0.4325)
2021-11-03 15:08:51,532 Test: [130/200]	Time 0.036 (0.056)	Loss 0.4188 (0.4373)
2021-11-03 15:08:52,046 Test: [140/200]	Time 0.045 (0.056)	Loss 0.3864 (0.4360)
2021-11-03 15:08:52,416 Test: [150/200]	Time 0.033 (0.055)	Loss 0.4788 (0.4350)
2021-11-03 15:08:52,750 Test: [160/200]	Time 0.035 (0.053)	Loss 0.4644 (0.4346)
2021-11-03 15:08:53,094 Test: [170/200]	Time 0.037 (0.052)	Loss 0.3116 (0.4317)
2021-11-03 15:08:53,446 Test: [180/200]	Time 0.030 (0.051)	Loss 0.3479 (0.4294)
2021-11-03 15:08:53,863 Test: [190/200]	Time 0.042 (0.051)	Loss 0.3770 (0.4308)
2021-11-03 15:08:55,299 Mean IoU score: 0.166
2021-11-03 15:08:55,305 => saving checkpoint to out
2021-11-03 15:08:57,885 Epoch: [1][0/200]	Time 1.766s (1.766s)	Speed 18.1 samples/s	Data 1.197s (1.197s)	Loss 0.20076 (0.20076)
2021-11-03 15:09:02,418 Epoch: [1][10/200]	Time 0.452s (0.573s)	Speed 70.8 samples/s	Data 0.001s (0.110s)	Loss 0.20043 (0.20782)
2021-11-03 15:09:07,358 Epoch: [1][20/200]	Time 0.449s (0.535s)	Speed 71.3 samples/s	Data 0.001s (0.058s)	Loss 0.24978 (0.20398)
2021-11-03 15:09:12,177 Epoch: [1][30/200]	Time 0.525s (0.518s)	Speed 61.0 samples/s	Data 0.001s (0.040s)	Loss 0.16522 (0.20043)
2021-11-03 15:09:17,074 Epoch: [1][40/200]	Time 0.455s (0.511s)	Speed 70.3 samples/s	Data 0.001s (0.030s)	Loss 0.17621 (0.19505)
2021-11-03 15:09:21,995 Epoch: [1][50/200]	Time 0.543s (0.507s)	Speed 59.0 samples/s	Data 0.000s (0.025s)	Loss 0.15204 (0.19084)
2021-11-03 15:09:26,749 Epoch: [1][60/200]	Time 0.481s (0.502s)	Speed 66.6 samples/s	Data 0.001s (0.021s)	Loss 0.16266 (0.18680)
2021-11-03 15:09:31,518 Epoch: [1][70/200]	Time 0.516s (0.499s)	Speed 62.1 samples/s	Data 0.000s (0.018s)	Loss 0.15764 (0.18272)
2021-11-03 15:09:37,244 Epoch: [1][80/200]	Time 0.492s (0.508s)	Speed 65.1 samples/s	Data 0.001s (0.016s)	Loss 0.11820 (0.17792)
2021-11-03 15:09:41,930 Epoch: [1][90/200]	Time 0.504s (0.503s)	Speed 63.5 samples/s	Data 0.001s (0.014s)	Loss 0.13757 (0.17330)
2021-11-03 15:09:46,589 Epoch: [1][100/200]	Time 0.472s (0.500s)	Speed 67.8 samples/s	Data 0.001s (0.013s)	Loss 0.12940 (0.17032)
2021-11-03 15:09:51,205 Epoch: [1][110/200]	Time 0.461s (0.496s)	Speed 69.5 samples/s	Data 0.001s (0.012s)	Loss 0.12083 (0.16699)
2021-11-03 15:09:55,838 Epoch: [1][120/200]	Time 0.458s (0.494s)	Speed 69.9 samples/s	Data 0.001s (0.011s)	Loss 0.10686 (0.16293)
2021-11-03 15:10:00,439 Epoch: [1][130/200]	Time 0.453s (0.491s)	Speed 70.6 samples/s	Data 0.001s (0.010s)	Loss 0.10249 (0.15915)
2021-11-03 15:10:05,100 Epoch: [1][140/200]	Time 0.480s (0.489s)	Speed 66.7 samples/s	Data 0.001s (0.010s)	Loss 0.12451 (0.15569)
2021-11-03 15:10:09,724 Epoch: [1][150/200]	Time 0.455s (0.487s)	Speed 70.4 samples/s	Data 0.000s (0.009s)	Loss 0.09236 (0.15226)
2021-11-03 15:10:14,425 Epoch: [1][160/200]	Time 0.467s (0.486s)	Speed 68.6 samples/s	Data 0.001s (0.008s)	Loss 0.10581 (0.14920)
2021-11-03 15:10:19,153 Epoch: [1][170/200]	Time 0.467s (0.486s)	Speed 68.6 samples/s	Data 0.001s (0.008s)	Loss 0.09176 (0.14627)
2021-11-03 15:10:23,787 Epoch: [1][180/200]	Time 0.481s (0.484s)	Speed 66.6 samples/s	Data 0.001s (0.008s)	Loss 0.09658 (0.14341)
2021-11-03 15:10:28,362 Epoch: [1][190/200]	Time 0.462s (0.483s)	Speed 69.2 samples/s	Data 0.001s (0.007s)	Loss 0.09351 (0.14065)
2021-11-03 15:10:33,799 Test: [0/200]	Time 1.091 (1.091)	Loss 0.2380 (0.2380)
2021-11-03 15:10:34,142 Test: [10/200]	Time 0.038 (0.130)	Loss 0.0583 (0.1760)
2021-11-03 15:10:34,492 Test: [20/200]	Time 0.029 (0.085)	Loss 0.1298 (0.1778)
2021-11-03 15:10:34,842 Test: [30/200]	Time 0.031 (0.069)	Loss 0.2648 (0.1867)
2021-11-03 15:10:35,207 Test: [40/200]	Time 0.037 (0.061)	Loss 0.1722 (0.1941)
2021-11-03 15:10:35,537 Test: [50/200]	Time 0.032 (0.055)	Loss 0.2535 (0.1947)
2021-11-03 15:10:35,902 Test: [60/200]	Time 0.035 (0.052)	Loss 0.2306 (0.1963)
2021-11-03 15:10:36,255 Test: [70/200]	Time 0.032 (0.050)	Loss 0.1714 (0.1960)
2021-11-03 15:10:36,587 Test: [80/200]	Time 0.032 (0.048)	Loss 0.2613 (0.1934)
2021-11-03 15:10:36,947 Test: [90/200]	Time 0.035 (0.047)	Loss 0.2580 (0.1955)
2021-11-03 15:10:37,315 Test: [100/200]	Time 0.032 (0.046)	Loss 0.2730 (0.1943)
2021-11-03 15:10:37,638 Test: [110/200]	Time 0.032 (0.044)	Loss 0.2556 (0.1947)
2021-11-03 15:10:38,001 Test: [120/200]	Time 0.037 (0.044)	Loss 0.2290 (0.1933)
2021-11-03 15:10:38,360 Test: [130/200]	Time 0.030 (0.043)	Loss 0.1685 (0.1955)
2021-11-03 15:10:38,706 Test: [140/200]	Time 0.037 (0.043)	Loss 0.1745 (0.1950)
2021-11-03 15:10:39,048 Test: [150/200]	Time 0.035 (0.042)	Loss 0.1994 (0.1939)
2021-11-03 15:10:39,399 Test: [160/200]	Time 0.030 (0.042)	Loss 0.2203 (0.1937)
2021-11-03 15:10:39,754 Test: [170/200]	Time 0.033 (0.041)	Loss 0.1334 (0.1920)
2021-11-03 15:10:40,088 Test: [180/200]	Time 0.030 (0.041)	Loss 0.1455 (0.1909)
2021-11-03 15:10:40,436 Test: [190/200]	Time 0.030 (0.040)	Loss 0.1281 (0.1916)
2021-11-03 15:10:41,726 Mean IoU score: 0.597
2021-11-03 15:10:41,732 => saving checkpoint to out
2021-11-03 15:10:43,517 Epoch: [2][0/200]	Time 1.766s (1.766s)	Speed 18.1 samples/s	Data 1.153s (1.153s)	Loss 0.07133 (0.07133)
2021-11-03 15:10:48,221 Epoch: [2][10/200]	Time 0.521s (0.588s)	Speed 61.5 samples/s	Data 0.000s (0.106s)	Loss 0.08122 (0.08209)
2021-11-03 15:10:53,022 Epoch: [2][20/200]	Time 0.466s (0.537s)	Speed 68.7 samples/s	Data 0.001s (0.056s)	Loss 0.07769 (0.07874)
2021-11-03 15:10:57,630 Epoch: [2][30/200]	Time 0.453s (0.512s)	Speed 70.7 samples/s	Data 0.001s (0.038s)	Loss 0.06742 (0.07575)
2021-11-03 15:11:02,374 Epoch: [2][40/200]	Time 0.466s (0.503s)	Speed 68.7 samples/s	Data 0.001s (0.029s)	Loss 0.06682 (0.07499)
2021-11-03 15:11:07,100 Epoch: [2][50/200]	Time 0.463s (0.497s)	Speed 69.1 samples/s	Data 0.000s (0.024s)	Loss 0.06004 (0.07339)
2021-11-03 15:11:11,774 Epoch: [2][60/200]	Time 0.466s (0.492s)	Speed 68.7 samples/s	Data 0.001s (0.020s)	Loss 0.05844 (0.07197)
2021-11-03 15:11:16,357 Epoch: [2][70/200]	Time 0.468s (0.487s)	Speed 68.4 samples/s	Data 0.001s (0.017s)	Loss 0.07175 (0.07046)
2021-11-03 15:11:20,977 Epoch: [2][80/200]	Time 0.452s (0.484s)	Speed 70.8 samples/s	Data 0.000s (0.015s)	Loss 0.06081 (0.06927)
2021-11-03 15:11:25,610 Epoch: [2][90/200]	Time 0.452s (0.482s)	Speed 70.8 samples/s	Data 0.001s (0.014s)	Loss 0.05239 (0.06790)
2021-11-03 15:11:30,297 Epoch: [2][100/200]	Time 0.475s (0.481s)	Speed 67.4 samples/s	Data 0.001s (0.012s)	Loss 0.06007 (0.06652)
2021-11-03 15:11:34,990 Epoch: [2][110/200]	Time 0.488s (0.480s)	Speed 65.6 samples/s	Data 0.000s (0.011s)	Loss 0.05226 (0.06588)
2021-11-03 15:11:39,591 Epoch: [2][120/200]	Time 0.452s (0.478s)	Speed 70.8 samples/s	Data 0.001s (0.010s)	Loss 0.05647 (0.06476)
2021-11-03 15:11:44,195 Epoch: [2][130/200]	Time 0.466s (0.477s)	Speed 68.7 samples/s	Data 0.001s (0.010s)	Loss 0.05675 (0.06380)
2021-11-03 15:11:48,783 Epoch: [2][140/200]	Time 0.457s (0.475s)	Speed 70.1 samples/s	Data 0.001s (0.009s)	Loss 0.05918 (0.06303)
2021-11-03 15:11:53,480 Epoch: [2][150/200]	Time 0.478s (0.475s)	Speed 66.9 samples/s	Data 0.000s (0.009s)	Loss 0.04421 (0.06241)
2021-11-03 15:11:58,191 Epoch: [2][160/200]	Time 0.480s (0.475s)	Speed 66.7 samples/s	Data 0.001s (0.008s)	Loss 0.04097 (0.06147)
2021-11-03 15:12:02,828 Epoch: [2][170/200]	Time 0.467s (0.474s)	Speed 68.6 samples/s	Data 0.001s (0.008s)	Loss 0.04716 (0.06059)
2021-11-03 15:12:07,486 Epoch: [2][180/200]	Time 0.463s (0.474s)	Speed 69.2 samples/s	Data 0.001s (0.007s)	Loss 0.04365 (0.05964)
2021-11-03 15:12:12,111 Epoch: [2][190/200]	Time 0.462s (0.473s)	Speed 69.3 samples/s	Data 0.001s (0.007s)	Loss 0.05164 (0.05886)
2021-11-03 15:12:17,484 Test: [0/200]	Time 1.082 (1.082)	Loss 0.1115 (0.1115)
2021-11-03 15:12:17,820 Test: [10/200]	Time 0.036 (0.129)	Loss 0.0282 (0.1045)
2021-11-03 15:12:18,178 Test: [20/200]	Time 0.028 (0.085)	Loss 0.0784 (0.1098)
2021-11-03 15:12:18,541 Test: [30/200]	Time 0.036 (0.069)	Loss 0.1686 (0.1162)
2021-11-03 15:12:18,880 Test: [40/200]	Time 0.032 (0.060)	Loss 0.1125 (0.1202)
2021-11-03 15:12:19,215 Test: [50/200]	Time 0.033 (0.055)	Loss 0.1565 (0.1206)
2021-11-03 15:12:19,571 Test: [60/200]	Time 0.032 (0.052)	Loss 0.1389 (0.1239)
2021-11-03 15:12:19,921 Test: [70/200]	Time 0.029 (0.050)	Loss 0.1137 (0.1236)
2021-11-03 15:12:20,291 Test: [80/200]	Time 0.040 (0.048)	Loss 0.1357 (0.1216)
2021-11-03 15:12:20,642 Test: [90/200]	Time 0.030 (0.047)	Loss 0.1644 (0.1236)
2021-11-03 15:12:20,983 Test: [100/200]	Time 0.030 (0.045)	Loss 0.1673 (0.1229)
2021-11-03 15:12:21,333 Test: [110/200]	Time 0.041 (0.044)	Loss 0.1799 (0.1237)
2021-11-03 15:12:21,686 Test: [120/200]	Time 0.038 (0.044)	Loss 0.1458 (0.1222)
2021-11-03 15:12:22,043 Test: [130/200]	Time 0.035 (0.043)	Loss 0.1241 (0.1233)
2021-11-03 15:12:22,404 Test: [140/200]	Time 0.033 (0.043)	Loss 0.0894 (0.1226)
2021-11-03 15:12:22,751 Test: [150/200]	Time 0.030 (0.042)	Loss 0.1119 (0.1216)
2021-11-03 15:12:23,112 Test: [160/200]	Time 0.029 (0.042)	Loss 0.1345 (0.1212)
2021-11-03 15:12:23,454 Test: [170/200]	Time 0.032 (0.041)	Loss 0.1182 (0.1202)
2021-11-03 15:12:23,798 Test: [180/200]	Time 0.032 (0.041)	Loss 0.1049 (0.1193)
2021-11-03 15:12:24,158 Test: [190/200]	Time 0.033 (0.041)	Loss 0.0842 (0.1195)
2021-11-03 15:12:25,481 Mean IoU score: 0.738
2021-11-03 15:12:25,487 => saving checkpoint to out
2021-11-03 15:12:27,302 Epoch: [3][0/200]	Time 1.795s (1.795s)	Speed 17.8 samples/s	Data 1.181s (1.181s)	Loss 0.03857 (0.03857)
2021-11-03 15:12:31,947 Epoch: [3][10/200]	Time 0.476s (0.585s)	Speed 67.3 samples/s	Data 0.001s (0.108s)	Loss 0.04109 (0.04112)
2021-11-03 15:12:36,616 Epoch: [3][20/200]	Time 0.478s (0.529s)	Speed 67.0 samples/s	Data 0.001s (0.057s)	Loss 0.06060 (0.04019)
2021-11-03 15:12:41,457 Epoch: [3][30/200]	Time 0.465s (0.515s)	Speed 68.9 samples/s	Data 0.001s (0.039s)	Loss 0.02721 (0.03945)
2021-11-03 15:12:46,231 Epoch: [3][40/200]	Time 0.466s (0.505s)	Speed 68.7 samples/s	Data 0.001s (0.030s)	Loss 0.03565 (0.03904)
2021-11-03 15:12:50,975 Epoch: [3][50/200]	Time 0.464s (0.499s)	Speed 69.0 samples/s	Data 0.001s (0.024s)	Loss 0.03003 (0.03815)
2021-11-03 15:12:55,728 Epoch: [3][60/200]	Time 0.482s (0.495s)	Speed 66.4 samples/s	Data 0.000s (0.020s)	Loss 0.03151 (0.03741)
2021-11-03 15:13:00,414 Epoch: [3][70/200]	Time 0.463s (0.492s)	Speed 69.2 samples/s	Data 0.000s (0.018s)	Loss 0.03515 (0.03704)
2021-11-03 15:13:05,153 Epoch: [3][80/200]	Time 0.478s (0.489s)	Speed 67.0 samples/s	Data 0.001s (0.016s)	Loss 0.02676 (0.03675)
2021-11-03 15:13:09,984 Epoch: [3][90/200]	Time 0.476s (0.489s)	Speed 67.3 samples/s	Data 0.001s (0.014s)	Loss 0.03076 (0.03640)
2021-11-03 15:13:14,630 Epoch: [3][100/200]	Time 0.463s (0.486s)	Speed 69.1 samples/s	Data 0.001s (0.013s)	Loss 0.03410 (0.03617)
2021-11-03 15:13:19,449 Epoch: [3][110/200]	Time 0.471s (0.486s)	Speed 68.0 samples/s	Data 0.000s (0.012s)	Loss 0.02854 (0.03590)
2021-11-03 15:13:24,211 Epoch: [3][120/200]	Time 0.479s (0.485s)	Speed 66.9 samples/s	Data 0.000s (0.011s)	Loss 0.03936 (0.03571)
2021-11-03 15:13:28,967 Epoch: [3][130/200]	Time 0.471s (0.484s)	Speed 67.9 samples/s	Data 0.002s (0.010s)	Loss 0.03392 (0.03554)
2021-11-03 15:13:33,684 Epoch: [3][140/200]	Time 0.481s (0.484s)	Speed 66.6 samples/s	Data 0.001s (0.009s)	Loss 0.03335 (0.03532)
2021-11-03 15:13:38,379 Epoch: [3][150/200]	Time 0.472s (0.483s)	Speed 67.8 samples/s	Data 0.001s (0.009s)	Loss 0.02839 (0.03527)
2021-11-03 15:13:43,068 Epoch: [3][160/200]	Time 0.452s (0.482s)	Speed 70.8 samples/s	Data 0.001s (0.008s)	Loss 0.03057 (0.03530)
2021-11-03 15:13:47,768 Epoch: [3][170/200]	Time 0.483s (0.481s)	Speed 66.3 samples/s	Data 0.001s (0.008s)	Loss 0.03951 (0.03520)
2021-11-03 15:13:52,528 Epoch: [3][180/200]	Time 0.461s (0.481s)	Speed 69.5 samples/s	Data 0.001s (0.008s)	Loss 0.03325 (0.03496)
2021-11-03 15:13:57,474 Epoch: [3][190/200]	Time 0.546s (0.481s)	Speed 58.7 samples/s	Data 0.001s (0.007s)	Loss 0.02574 (0.03476)
2021-11-03 15:14:03,214 Test: [0/200]	Time 1.074 (1.074)	Loss 0.1315 (0.1315)
2021-11-03 15:14:03,576 Test: [10/200]	Time 0.037 (0.130)	Loss 0.0252 (0.0971)
2021-11-03 15:14:03,922 Test: [20/200]	Time 0.033 (0.085)	Loss 0.0549 (0.1042)
2021-11-03 15:14:04,271 Test: [30/200]	Time 0.033 (0.069)	Loss 0.1574 (0.1095)
2021-11-03 15:14:04,614 Test: [40/200]	Time 0.034 (0.060)	Loss 0.0928 (0.1145)
2021-11-03 15:14:04,944 Test: [50/200]	Time 0.033 (0.055)	Loss 0.1651 (0.1140)
2021-11-03 15:14:05,280 Test: [60/200]	Time 0.033 (0.051)	Loss 0.1410 (0.1167)
2021-11-03 15:14:05,653 Test: [70/200]	Time 0.033 (0.049)	Loss 0.1153 (0.1170)
2021-11-03 15:14:05,993 Test: [80/200]	Time 0.030 (0.048)	Loss 0.1211 (0.1139)
2021-11-03 15:14:06,349 Test: [90/200]	Time 0.035 (0.046)	Loss 0.1774 (0.1168)
2021-11-03 15:14:06,737 Test: [100/200]	Time 0.034 (0.046)	Loss 0.1558 (0.1164)
2021-11-03 15:14:07,103 Test: [110/200]	Time 0.037 (0.045)	Loss 0.1810 (0.1177)
2021-11-03 15:14:07,449 Test: [120/200]	Time 0.033 (0.044)	Loss 0.1360 (0.1161)
2021-11-03 15:14:07,815 Test: [130/200]	Time 0.031 (0.043)	Loss 0.1323 (0.1172)
2021-11-03 15:14:08,177 Test: [140/200]	Time 0.036 (0.043)	Loss 0.1318 (0.1164)
2021-11-03 15:14:08,527 Test: [150/200]	Time 0.037 (0.042)	Loss 0.0850 (0.1152)
2021-11-03 15:14:08,867 Test: [160/200]	Time 0.032 (0.042)	Loss 0.1124 (0.1149)
2021-11-03 15:14:09,213 Test: [170/200]	Time 0.033 (0.041)	Loss 0.1192 (0.1141)
2021-11-03 15:14:09,569 Test: [180/200]	Time 0.041 (0.041)	Loss 0.1033 (0.1133)
2021-11-03 15:14:09,904 Test: [190/200]	Time 0.027 (0.041)	Loss 0.0753 (0.1132)
2021-11-03 15:14:11,281 Mean IoU score: 0.739
2021-11-03 15:14:11,287 => saving checkpoint to out
2021-11-03 15:14:13,071 Epoch: [4][0/200]	Time 1.766s (1.766s)	Speed 18.1 samples/s	Data 1.187s (1.187s)	Loss 0.03403 (0.03403)
2021-11-03 15:14:17,779 Epoch: [4][10/200]	Time 0.478s (0.589s)	Speed 66.9 samples/s	Data 0.001s (0.109s)	Loss 0.02531 (0.02888)
2021-11-03 15:14:22,502 Epoch: [4][20/200]	Time 0.459s (0.533s)	Speed 69.8 samples/s	Data 0.001s (0.057s)	Loss 0.02399 (0.02758)
2021-11-03 15:14:27,118 Epoch: [4][30/200]	Time 0.467s (0.510s)	Speed 68.6 samples/s	Data 0.000s (0.039s)	Loss 0.02295 (0.02707)
2021-11-03 15:14:31,778 Epoch: [4][40/200]	Time 0.463s (0.499s)	Speed 69.0 samples/s	Data 0.001s (0.030s)	Loss 0.02373 (0.02721)
2021-11-03 15:14:36,697 Epoch: [4][50/200]	Time 0.463s (0.498s)	Speed 69.1 samples/s	Data 0.001s (0.024s)	Loss 0.02279 (0.02680)
2021-11-03 15:14:41,294 Epoch: [4][60/200]	Time 0.460s (0.492s)	Speed 69.6 samples/s	Data 0.000s (0.020s)	Loss 0.02046 (0.02625)
2021-11-03 15:14:45,943 Epoch: [4][70/200]	Time 0.462s (0.488s)	Speed 69.3 samples/s	Data 0.001s (0.018s)	Loss 0.02560 (0.02623)
2021-11-03 15:14:50,506 Epoch: [4][80/200]	Time 0.443s (0.484s)	Speed 72.3 samples/s	Data 0.001s (0.016s)	Loss 0.02379 (0.02598)
2021-11-03 15:14:55,063 Epoch: [4][90/200]	Time 0.418s (0.481s)	Speed 76.6 samples/s	Data 0.001s (0.014s)	Loss 0.02619 (0.02569)
2021-11-03 15:14:59,708 Epoch: [4][100/200]	Time 0.462s (0.479s)	Speed 69.3 samples/s	Data 0.000s (0.013s)	Loss 0.02456 (0.02565)
2021-11-03 15:15:04,388 Epoch: [4][110/200]	Time 0.459s (0.478s)	Speed 69.8 samples/s	Data 0.001s (0.012s)	Loss 0.02554 (0.02570)
2021-11-03 15:15:08,948 Epoch: [4][120/200]	Time 0.456s (0.476s)	Speed 70.2 samples/s	Data 0.000s (0.011s)	Loss 0.02705 (0.02559)
2021-11-03 15:15:13,621 Epoch: [4][130/200]	Time 0.466s (0.476s)	Speed 68.7 samples/s	Data 0.001s (0.010s)	Loss 0.02294 (0.02551)
2021-11-03 15:15:18,161 Epoch: [4][140/200]	Time 0.451s (0.474s)	Speed 71.0 samples/s	Data 0.001s (0.009s)	Loss 0.02318 (0.02555)
2021-11-03 15:15:22,840 Epoch: [4][150/200]	Time 0.469s (0.474s)	Speed 68.3 samples/s	Data 0.001s (0.009s)	Loss 0.01997 (0.02546)
2021-11-03 15:15:27,505 Epoch: [4][160/200]	Time 0.483s (0.473s)	Speed 66.3 samples/s	Data 0.001s (0.008s)	Loss 0.02198 (0.02522)
2021-11-03 15:15:32,149 Epoch: [4][170/200]	Time 0.444s (0.473s)	Speed 72.1 samples/s	Data 0.001s (0.008s)	Loss 0.01896 (0.02509)
2021-11-03 15:15:36,907 Epoch: [4][180/200]	Time 0.489s (0.473s)	Speed 65.5 samples/s	Data 0.001s (0.007s)	Loss 0.03783 (0.02507)
2021-11-03 15:15:41,539 Epoch: [4][190/200]	Time 0.476s (0.472s)	Speed 67.3 samples/s	Data 0.001s (0.007s)	Loss 0.02460 (0.02497)
2021-11-03 15:15:46,950 Test: [0/200]	Time 1.043 (1.043)	Loss 0.0991 (0.0991)
2021-11-03 15:15:47,293 Test: [10/200]	Time 0.034 (0.126)	Loss 0.0219 (0.0727)
2021-11-03 15:15:47,648 Test: [20/200]	Time 0.027 (0.083)	Loss 0.0474 (0.0728)
2021-11-03 15:15:48,014 Test: [30/200]	Time 0.032 (0.068)	Loss 0.1448 (0.0796)
2021-11-03 15:15:48,351 Test: [40/200]	Time 0.036 (0.060)	Loss 0.0537 (0.0811)
2021-11-03 15:15:48,717 Test: [50/200]	Time 0.044 (0.055)	Loss 0.1062 (0.0806)
2021-11-03 15:15:49,076 Test: [60/200]	Time 0.033 (0.052)	Loss 0.1110 (0.0834)
2021-11-03 15:15:49,406 Test: [70/200]	Time 0.027 (0.049)	Loss 0.0754 (0.0825)
2021-11-03 15:15:49,791 Test: [80/200]	Time 0.041 (0.048)	Loss 0.1026 (0.0808)
2021-11-03 15:15:50,159 Test: [90/200]	Time 0.033 (0.047)	Loss 0.1007 (0.0823)
2021-11-03 15:15:50,508 Test: [100/200]	Time 0.033 (0.046)	Loss 0.1419 (0.0822)
2021-11-03 15:15:50,881 Test: [110/200]	Time 0.034 (0.045)	Loss 0.1357 (0.0827)
2021-11-03 15:15:51,207 Test: [120/200]	Time 0.027 (0.044)	Loss 0.0987 (0.0818)
2021-11-03 15:15:51,550 Test: [130/200]	Time 0.027 (0.043)	Loss 0.0797 (0.0823)
2021-11-03 15:15:51,922 Test: [140/200]	Time 0.032 (0.043)	Loss 0.0670 (0.0819)
2021-11-03 15:15:52,240 Test: [150/200]	Time 0.032 (0.042)	Loss 0.0624 (0.0806)
2021-11-03 15:15:52,593 Test: [160/200]	Time 0.037 (0.042)	Loss 0.0852 (0.0803)
2021-11-03 15:15:52,974 Test: [170/200]	Time 0.036 (0.041)	Loss 0.0641 (0.0797)
2021-11-03 15:15:53,332 Test: [180/200]	Time 0.031 (0.041)	Loss 0.0552 (0.0789)
2021-11-03 15:15:53,704 Test: [190/200]	Time 0.038 (0.041)	Loss 0.0423 (0.0789)
2021-11-03 15:15:54,987 Mean IoU score: 0.813
2021-11-03 15:15:54,993 => saving checkpoint to out
2021-11-03 15:15:56,756 Epoch: [5][0/200]	Time 1.745s (1.745s)	Speed 18.3 samples/s	Data 1.182s (1.182s)	Loss 0.01843 (0.01843)
2021-11-03 15:16:01,414 Epoch: [5][10/200]	Time 0.490s (0.582s)	Speed 65.3 samples/s	Data 0.001s (0.108s)	Loss 0.01701 (0.02028)
2021-11-03 15:16:06,031 Epoch: [5][20/200]	Time 0.455s (0.525s)	Speed 70.4 samples/s	Data 0.000s (0.057s)	Loss 0.02058 (0.02083)
2021-11-03 15:16:10,750 Epoch: [5][30/200]	Time 0.470s (0.508s)	Speed 68.1 samples/s	Data 0.001s (0.039s)	Loss 0.02526 (0.02062)
2021-11-03 15:16:15,309 Epoch: [5][40/200]	Time 0.447s (0.495s)	Speed 71.6 samples/s	Data 0.001s (0.030s)	Loss 0.01873 (0.02037)
2021-11-03 15:16:19,909 Epoch: [5][50/200]	Time 0.442s (0.488s)	Speed 72.4 samples/s	Data 0.000s (0.024s)	Loss 0.02157 (0.02016)
2021-11-03 15:16:24,489 Epoch: [5][60/200]	Time 0.448s (0.483s)	Speed 71.5 samples/s	Data 0.001s (0.020s)	Loss 0.01414 (0.01978)
2021-11-03 15:16:29,131 Epoch: [5][70/200]	Time 0.459s (0.481s)	Speed 69.7 samples/s	Data 0.001s (0.018s)	Loss 0.01737 (0.01952)
2021-11-03 15:16:33,725 Epoch: [5][80/200]	Time 0.471s (0.478s)	Speed 68.0 samples/s	Data 0.001s (0.015s)	Loss 0.01810 (0.01933)
2021-11-03 15:16:38,316 Epoch: [5][90/200]	Time 0.440s (0.476s)	Speed 72.8 samples/s	Data 0.001s (0.014s)	Loss 0.01385 (0.01927)
2021-11-03 15:16:43,000 Epoch: [5][100/200]	Time 0.489s (0.475s)	Speed 65.5 samples/s	Data 0.001s (0.013s)	Loss 0.02029 (0.01919)
2021-11-03 15:16:47,638 Epoch: [5][110/200]	Time 0.459s (0.474s)	Speed 69.8 samples/s	Data 0.001s (0.012s)	Loss 0.02077 (0.01917)
2021-11-03 15:16:52,475 Epoch: [5][120/200]	Time 0.496s (0.475s)	Speed 64.6 samples/s	Data 0.000s (0.011s)	Loss 0.01697 (0.01902)
2021-11-03 15:16:57,281 Epoch: [5][130/200]	Time 0.418s (0.475s)	Speed 76.6 samples/s	Data 0.001s (0.010s)	Loss 0.02346 (0.01911)
2021-11-03 15:17:02,016 Epoch: [5][140/200]	Time 0.486s (0.475s)	Speed 65.9 samples/s	Data 0.001s (0.009s)	Loss 0.01993 (0.01913)
2021-11-03 15:17:06,774 Epoch: [5][150/200]	Time 0.483s (0.475s)	Speed 66.3 samples/s	Data 0.001s (0.009s)	Loss 0.02396 (0.01912)
2021-11-03 15:17:11,533 Epoch: [5][160/200]	Time 0.513s (0.475s)	Speed 62.4 samples/s	Data 0.001s (0.008s)	Loss 0.01968 (0.01903)
2021-11-03 15:17:16,442 Epoch: [5][170/200]	Time 0.498s (0.476s)	Speed 64.3 samples/s	Data 0.000s (0.008s)	Loss 0.01813 (0.01899)
2021-11-03 15:17:21,212 Epoch: [5][180/200]	Time 0.478s (0.476s)	Speed 67.0 samples/s	Data 0.001s (0.007s)	Loss 0.01861 (0.01907)
2021-11-03 15:17:25,937 Epoch: [5][190/200]	Time 0.456s (0.476s)	Speed 70.2 samples/s	Data 0.001s (0.007s)	Loss 0.01693 (0.01914)
2021-11-03 15:17:31,321 Test: [0/200]	Time 1.052 (1.052)	Loss 0.1149 (0.1149)
2021-11-03 15:17:31,667 Test: [10/200]	Time 0.034 (0.127)	Loss 0.0514 (0.0901)
2021-11-03 15:17:32,009 Test: [20/200]	Time 0.029 (0.083)	Loss 0.0823 (0.0896)
2021-11-03 15:17:32,355 Test: [30/200]	Time 0.030 (0.067)	Loss 0.1447 (0.1010)
2021-11-03 15:17:32,702 Test: [40/200]	Time 0.036 (0.059)	Loss 0.0688 (0.1036)
2021-11-03 15:17:33,077 Test: [50/200]	Time 0.033 (0.055)	Loss 0.1413 (0.1039)
2021-11-03 15:17:33,408 Test: [60/200]	Time 0.032 (0.051)	Loss 0.1140 (0.1045)
2021-11-03 15:17:33,775 Test: [70/200]	Time 0.035 (0.049)	Loss 0.0976 (0.1060)
2021-11-03 15:17:34,138 Test: [80/200]	Time 0.037 (0.048)	Loss 0.2103 (0.1047)
2021-11-03 15:17:34,480 Test: [90/200]	Time 0.036 (0.046)	Loss 0.1200 (0.1080)
2021-11-03 15:17:34,847 Test: [100/200]	Time 0.037 (0.045)	Loss 0.1936 (0.1068)
2021-11-03 15:17:35,187 Test: [110/200]	Time 0.033 (0.044)	Loss 0.1912 (0.1077)
2021-11-03 15:17:35,535 Test: [120/200]	Time 0.034 (0.044)	Loss 0.1118 (0.1053)
2021-11-03 15:17:35,913 Test: [130/200]	Time 0.029 (0.043)	Loss 0.0668 (0.1068)
2021-11-03 15:17:36,236 Test: [140/200]	Time 0.031 (0.042)	Loss 0.1505 (0.1065)
2021-11-03 15:17:36,567 Test: [150/200]	Time 0.035 (0.042)	Loss 0.0992 (0.1047)
2021-11-03 15:17:36,921 Test: [160/200]	Time 0.028 (0.041)	Loss 0.1148 (0.1047)
2021-11-03 15:17:37,262 Test: [170/200]	Time 0.035 (0.041)	Loss 0.1380 (0.1038)
2021-11-03 15:17:37,606 Test: [180/200]	Time 0.028 (0.041)	Loss 0.0754 (0.1027)
2021-11-03 15:17:37,965 Test: [190/200]	Time 0.036 (0.040)	Loss 0.0457 (0.1022)
2021-11-03 15:17:39,322 Mean IoU score: 0.765
2021-11-03 15:17:39,328 => saving checkpoint to out
2021-11-03 15:17:41,071 Epoch: [6][0/200]	Time 1.728s (1.728s)	Speed 18.5 samples/s	Data 1.155s (1.155s)	Loss 0.01856 (0.01856)
2021-11-03 15:17:45,714 Epoch: [6][10/200]	Time 0.478s (0.579s)	Speed 67.0 samples/s	Data 0.001s (0.106s)	Loss 0.02143 (0.01801)
2021-11-03 15:17:50,368 Epoch: [6][20/200]	Time 0.460s (0.525s)	Speed 69.6 samples/s	Data 0.000s (0.056s)	Loss 0.01597 (0.01857)
2021-11-03 15:17:55,005 Epoch: [6][30/200]	Time 0.464s (0.505s)	Speed 69.0 samples/s	Data 0.001s (0.038s)	Loss 0.01708 (0.01832)
2021-11-03 15:17:59,640 Epoch: [6][40/200]	Time 0.458s (0.495s)	Speed 69.9 samples/s	Data 0.001s (0.029s)	Loss 0.01836 (0.01805)
2021-11-03 15:18:04,353 Epoch: [6][50/200]	Time 0.461s (0.490s)	Speed 69.4 samples/s	Data 0.000s (0.023s)	Loss 0.01629 (0.01786)
2021-11-03 15:18:09,024 Epoch: [6][60/200]	Time 0.466s (0.487s)	Speed 68.7 samples/s	Data 0.002s (0.020s)	Loss 0.01463 (0.01754)
2021-11-03 15:18:13,669 Epoch: [6][70/200]	Time 0.464s (0.483s)	Speed 69.0 samples/s	Data 0.001s (0.017s)	Loss 0.01401 (0.01723)
2021-11-03 15:18:18,266 Epoch: [6][80/200]	Time 0.448s (0.481s)	Speed 71.5 samples/s	Data 0.001s (0.015s)	Loss 0.01436 (0.01708)
2021-11-03 15:18:22,903 Epoch: [6][90/200]	Time 0.472s (0.479s)	Speed 67.8 samples/s	Data 0.001s (0.014s)	Loss 0.01664 (0.01690)
2021-11-03 15:18:27,539 Epoch: [6][100/200]	Time 0.473s (0.477s)	Speed 67.7 samples/s	Data 0.001s (0.012s)	Loss 0.01548 (0.01682)
2021-11-03 15:18:32,105 Epoch: [6][110/200]	Time 0.463s (0.475s)	Speed 69.1 samples/s	Data 0.001s (0.011s)	Loss 0.01296 (0.01665)
2021-11-03 15:18:36,760 Epoch: [6][120/200]	Time 0.486s (0.475s)	Speed 65.9 samples/s	Data 0.001s (0.010s)	Loss 0.01628 (0.01652)
2021-11-03 15:18:41,380 Epoch: [6][130/200]	Time 0.449s (0.474s)	Speed 71.3 samples/s	Data 0.001s (0.010s)	Loss 0.01181 (0.01634)
2021-11-03 15:18:45,965 Epoch: [6][140/200]	Time 0.461s (0.472s)	Speed 69.4 samples/s	Data 0.001s (0.009s)	Loss 0.01377 (0.01624)
2021-11-03 15:18:50,639 Epoch: [6][150/200]	Time 0.464s (0.472s)	Speed 69.0 samples/s	Data 0.000s (0.009s)	Loss 0.01617 (0.01617)
2021-11-03 15:18:55,266 Epoch: [6][160/200]	Time 0.468s (0.472s)	Speed 68.4 samples/s	Data 0.000s (0.008s)	Loss 0.01945 (0.01619)
2021-11-03 15:18:59,927 Epoch: [6][170/200]	Time 0.463s (0.471s)	Speed 69.2 samples/s	Data 0.001s (0.008s)	Loss 0.01559 (0.01612)
2021-11-03 15:19:04,585 Epoch: [6][180/200]	Time 0.474s (0.471s)	Speed 67.5 samples/s	Data 0.001s (0.007s)	Loss 0.01133 (0.01611)
2021-11-03 15:19:09,255 Epoch: [6][190/200]	Time 0.458s (0.471s)	Speed 69.9 samples/s	Data 0.001s (0.007s)	Loss 0.01578 (0.01606)
2021-11-03 15:19:14,692 Test: [0/200]	Time 1.059 (1.059)	Loss 0.0734 (0.0734)
2021-11-03 15:19:15,042 Test: [10/200]	Time 0.032 (0.128)	Loss 0.0145 (0.0578)
2021-11-03 15:19:15,396 Test: [20/200]	Time 0.027 (0.084)	Loss 0.0350 (0.0624)
2021-11-03 15:19:15,736 Test: [30/200]	Time 0.027 (0.068)	Loss 0.0735 (0.0650)
2021-11-03 15:19:16,102 Test: [40/200]	Time 0.036 (0.060)	Loss 0.0569 (0.0659)
2021-11-03 15:19:16,444 Test: [50/200]	Time 0.032 (0.055)	Loss 0.1194 (0.0663)
2021-11-03 15:19:16,793 Test: [60/200]	Time 0.035 (0.052)	Loss 0.0898 (0.0677)
2021-11-03 15:19:17,159 Test: [70/200]	Time 0.032 (0.050)	Loss 0.0518 (0.0669)
2021-11-03 15:19:17,488 Test: [80/200]	Time 0.032 (0.048)	Loss 0.0733 (0.0653)
2021-11-03 15:19:17,840 Test: [90/200]	Time 0.033 (0.046)	Loss 0.1017 (0.0674)
2021-11-03 15:19:18,219 Test: [100/200]	Time 0.031 (0.045)	Loss 0.0823 (0.0667)
2021-11-03 15:19:18,573 Test: [110/200]	Time 0.036 (0.045)	Loss 0.1149 (0.0673)
2021-11-03 15:19:18,928 Test: [120/200]	Time 0.042 (0.044)	Loss 0.0605 (0.0658)
2021-11-03 15:19:19,250 Test: [130/200]	Time 0.035 (0.043)	Loss 0.0658 (0.0662)
2021-11-03 15:19:19,601 Test: [140/200]	Time 0.037 (0.042)	Loss 0.0575 (0.0656)
2021-11-03 15:19:19,959 Test: [150/200]	Time 0.035 (0.042)	Loss 0.0547 (0.0647)
2021-11-03 15:19:20,299 Test: [160/200]	Time 0.036 (0.041)	Loss 0.0729 (0.0644)
2021-11-03 15:19:20,667 Test: [170/200]	Time 0.033 (0.041)	Loss 0.0601 (0.0640)
2021-11-03 15:19:21,054 Test: [180/200]	Time 0.027 (0.041)	Loss 0.0503 (0.0635)
2021-11-03 15:19:21,392 Test: [190/200]	Time 0.033 (0.041)	Loss 0.0340 (0.0634)
2021-11-03 15:19:22,716 Mean IoU score: 0.848
2021-11-03 15:19:22,722 => saving checkpoint to out
2021-11-03 15:19:24,507 Epoch: [7][0/200]	Time 1.766s (1.766s)	Speed 18.1 samples/s	Data 1.204s (1.204s)	Loss 0.01430 (0.01430)
2021-11-03 15:19:29,218 Epoch: [7][10/200]	Time 0.479s (0.589s)	Speed 66.8 samples/s	Data 0.000s (0.110s)	Loss 0.01359 (0.01474)
2021-11-03 15:19:33,910 Epoch: [7][20/200]	Time 0.459s (0.532s)	Speed 69.6 samples/s	Data 0.001s (0.058s)	Loss 0.01719 (0.01483)
2021-11-03 15:19:38,509 Epoch: [7][30/200]	Time 0.446s (0.509s)	Speed 71.8 samples/s	Data 0.001s (0.040s)	Loss 0.01603 (0.01450)
2021-11-03 15:19:43,192 Epoch: [7][40/200]	Time 0.469s (0.499s)	Speed 68.3 samples/s	Data 0.001s (0.030s)	Loss 0.01035 (0.01438)
2021-11-03 15:19:47,895 Epoch: [7][50/200]	Time 0.469s (0.493s)	Speed 68.3 samples/s	Data 0.000s (0.025s)	Loss 0.01369 (0.01420)
2021-11-03 15:19:52,524 Epoch: [7][60/200]	Time 0.469s (0.488s)	Speed 68.3 samples/s	Data 0.001s (0.021s)	Loss 0.01281 (0.01412)
2021-11-03 15:19:57,145 Epoch: [7][70/200]	Time 0.469s (0.485s)	Speed 68.3 samples/s	Data 0.000s (0.018s)	Loss 0.01126 (0.01393)
2021-11-03 15:20:01,859 Epoch: [7][80/200]	Time 0.490s (0.483s)	Speed 65.3 samples/s	Data 0.001s (0.016s)	Loss 0.01150 (0.01391)
2021-11-03 15:20:06,527 Epoch: [7][90/200]	Time 0.462s (0.481s)	Speed 69.3 samples/s	Data 0.000s (0.014s)	Loss 0.01581 (0.01376)
2021-11-03 15:20:11,101 Epoch: [7][100/200]	Time 0.471s (0.479s)	Speed 68.0 samples/s	Data 0.001s (0.013s)	Loss 0.01579 (0.01383)
2021-11-03 15:20:15,729 Epoch: [7][110/200]	Time 0.454s (0.477s)	Speed 70.5 samples/s	Data 0.001s (0.012s)	Loss 0.00999 (0.01376)
2021-11-03 15:20:20,333 Epoch: [7][120/200]	Time 0.455s (0.476s)	Speed 70.4 samples/s	Data 0.000s (0.011s)	Loss 0.01323 (0.01385)
2021-11-03 15:20:25,019 Epoch: [7][130/200]	Time 0.468s (0.475s)	Speed 68.4 samples/s	Data 0.000s (0.010s)	Loss 0.01261 (0.01384)
2021-11-03 15:20:29,637 Epoch: [7][140/200]	Time 0.476s (0.474s)	Speed 67.3 samples/s	Data 0.001s (0.009s)	Loss 0.01652 (0.01379)
2021-11-03 15:20:34,263 Epoch: [7][150/200]	Time 0.483s (0.474s)	Speed 66.3 samples/s	Data 0.001s (0.009s)	Loss 0.01185 (0.01372)
2021-11-03 15:20:38,876 Epoch: [7][160/200]	Time 0.456s (0.473s)	Speed 70.2 samples/s	Data 0.001s (0.008s)	Loss 0.01502 (0.01366)
2021-11-03 15:20:43,503 Epoch: [7][170/200]	Time 0.443s (0.472s)	Speed 72.3 samples/s	Data 0.001s (0.008s)	Loss 0.01438 (0.01365)
2021-11-03 15:20:48,179 Epoch: [7][180/200]	Time 0.489s (0.472s)	Speed 65.5 samples/s	Data 0.001s (0.008s)	Loss 0.01237 (0.01363)
2021-11-03 15:20:52,900 Epoch: [7][190/200]	Time 0.456s (0.472s)	Speed 70.2 samples/s	Data 0.001s (0.007s)	Loss 0.01213 (0.01365)
2021-11-03 15:20:58,315 Test: [0/200]	Time 1.094 (1.094)	Loss 0.0820 (0.0820)
2021-11-03 15:20:58,656 Test: [10/200]	Time 0.028 (0.130)	Loss 0.0257 (0.0598)
2021-11-03 15:20:58,993 Test: [20/200]	Time 0.034 (0.084)	Loss 0.0301 (0.0600)
2021-11-03 15:20:59,334 Test: [30/200]	Time 0.027 (0.068)	Loss 0.0779 (0.0616)
2021-11-03 15:20:59,681 Test: [40/200]	Time 0.036 (0.060)	Loss 0.0533 (0.0624)
2021-11-03 15:21:00,020 Test: [50/200]	Time 0.045 (0.055)	Loss 0.1171 (0.0624)
2021-11-03 15:21:00,375 Test: [60/200]	Time 0.036 (0.052)	Loss 0.0810 (0.0645)
2021-11-03 15:21:00,716 Test: [70/200]	Time 0.036 (0.049)	Loss 0.0460 (0.0645)
2021-11-03 15:21:01,083 Test: [80/200]	Time 0.035 (0.048)	Loss 0.0755 (0.0626)
2021-11-03 15:21:01,454 Test: [90/200]	Time 0.033 (0.047)	Loss 0.0888 (0.0639)
2021-11-03 15:21:01,807 Test: [100/200]	Time 0.036 (0.045)	Loss 0.0985 (0.0635)
2021-11-03 15:21:02,171 Test: [110/200]	Time 0.032 (0.045)	Loss 0.1247 (0.0641)
2021-11-03 15:21:02,496 Test: [120/200]	Time 0.030 (0.044)	Loss 0.0625 (0.0631)
2021-11-03 15:21:02,842 Test: [130/200]	Time 0.036 (0.043)	Loss 0.0553 (0.0633)
2021-11-03 15:21:03,215 Test: [140/200]	Time 0.036 (0.043)	Loss 0.0603 (0.0629)
2021-11-03 15:21:03,570 Test: [150/200]	Time 0.037 (0.042)	Loss 0.0533 (0.0619)
2021-11-03 15:21:03,917 Test: [160/200]	Time 0.036 (0.042)	Loss 0.0661 (0.0618)
2021-11-03 15:21:04,283 Test: [170/200]	Time 0.033 (0.041)	Loss 0.0525 (0.0613)
2021-11-03 15:21:04,633 Test: [180/200]	Time 0.033 (0.041)	Loss 0.0379 (0.0609)
2021-11-03 15:21:04,984 Test: [190/200]	Time 0.031 (0.041)	Loss 0.0294 (0.0606)
2021-11-03 15:21:06,304 Mean IoU score: 0.856
2021-11-03 15:21:06,310 => saving checkpoint to out
2021-11-03 15:21:08,100 Epoch: [8][0/200]	Time 1.771s (1.771s)	Speed 18.1 samples/s	Data 1.186s (1.186s)	Loss 0.01217 (0.01217)
2021-11-03 15:21:12,669 Epoch: [8][10/200]	Time 0.471s (0.576s)	Speed 68.0 samples/s	Data 0.001s (0.109s)	Loss 0.01056 (0.01190)
2021-11-03 15:21:17,367 Epoch: [8][20/200]	Time 0.480s (0.526s)	Speed 66.7 samples/s	Data 0.001s (0.057s)	Loss 0.01175 (0.01232)
2021-11-03 15:21:22,038 Epoch: [8][30/200]	Time 0.474s (0.507s)	Speed 67.5 samples/s	Data 0.000s (0.039s)	Loss 0.01167 (0.01223)
2021-11-03 15:21:26,874 Epoch: [8][40/200]	Time 0.461s (0.501s)	Speed 69.4 samples/s	Data 0.001s (0.030s)	Loss 0.00955 (0.01211)
2021-11-03 15:21:31,520 Epoch: [8][50/200]	Time 0.466s (0.494s)	Speed 68.7 samples/s	Data 0.001s (0.024s)	Loss 0.01199 (0.01220)
2021-11-03 15:21:36,151 Epoch: [8][60/200]	Time 0.448s (0.489s)	Speed 71.5 samples/s	Data 0.001s (0.020s)	Loss 0.01292 (0.01213)
2021-11-03 15:21:40,796 Epoch: [8][70/200]	Time 0.460s (0.485s)	Speed 69.6 samples/s	Data 0.001s (0.018s)	Loss 0.01200 (0.01203)
2021-11-03 15:21:45,413 Epoch: [8][80/200]	Time 0.460s (0.483s)	Speed 69.6 samples/s	Data 0.001s (0.016s)	Loss 0.00931 (0.01193)
2021-11-03 15:21:50,007 Epoch: [8][90/200]	Time 0.456s (0.480s)	Speed 70.2 samples/s	Data 0.001s (0.014s)	Loss 0.00917 (0.01179)
2021-11-03 15:21:54,658 Epoch: [8][100/200]	Time 0.460s (0.479s)	Speed 69.5 samples/s	Data 0.001s (0.013s)	Loss 0.01224 (0.01182)
2021-11-03 15:21:59,304 Epoch: [8][110/200]	Time 0.449s (0.477s)	Speed 71.3 samples/s	Data 0.001s (0.012s)	Loss 0.01339 (0.01181)
2021-11-03 15:22:04,055 Epoch: [8][120/200]	Time 0.493s (0.477s)	Speed 65.0 samples/s	Data 0.001s (0.011s)	Loss 0.01198 (0.01188)
2021-11-03 15:22:08,725 Epoch: [8][130/200]	Time 0.468s (0.476s)	Speed 68.4 samples/s	Data 0.001s (0.010s)	Loss 0.00870 (0.01188)
2021-11-03 15:22:13,323 Epoch: [8][140/200]	Time 0.454s (0.475s)	Speed 70.5 samples/s	Data 0.001s (0.009s)	Loss 0.01427 (0.01193)
2021-11-03 15:22:17,922 Epoch: [8][150/200]	Time 0.466s (0.474s)	Speed 68.7 samples/s	Data 0.001s (0.009s)	Loss 0.01043 (0.01188)
2021-11-03 15:22:22,584 Epoch: [8][160/200]	Time 0.434s (0.474s)	Speed 73.8 samples/s	Data 0.001s (0.008s)	Loss 0.01290 (0.01191)
2021-11-03 15:22:27,366 Epoch: [8][170/200]	Time 0.457s (0.474s)	Speed 70.1 samples/s	Data 0.001s (0.008s)	Loss 0.01135 (0.01192)
2021-11-03 15:22:32,092 Epoch: [8][180/200]	Time 0.477s (0.474s)	Speed 67.1 samples/s	Data 0.001s (0.007s)	Loss 0.01428 (0.01192)
2021-11-03 15:22:36,708 Epoch: [8][190/200]	Time 0.465s (0.473s)	Speed 68.9 samples/s	Data 0.000s (0.007s)	Loss 0.01253 (0.01186)
2021-11-03 15:22:42,321 Test: [0/200]	Time 1.041 (1.041)	Loss 0.0784 (0.0784)
2021-11-03 15:22:42,645 Test: [10/200]	Time 0.032 (0.124)	Loss 0.0337 (0.0574)
2021-11-03 15:22:42,988 Test: [20/200]	Time 0.033 (0.081)	Loss 0.0324 (0.0577)
2021-11-03 15:22:43,342 Test: [30/200]	Time 0.035 (0.067)	Loss 0.0652 (0.0599)
2021-11-03 15:22:43,685 Test: [40/200]	Time 0.033 (0.059)	Loss 0.0623 (0.0616)
2021-11-03 15:22:44,028 Test: [50/200]	Time 0.035 (0.054)	Loss 0.1064 (0.0610)
2021-11-03 15:22:44,391 Test: [60/200]	Time 0.034 (0.051)	Loss 0.0737 (0.0623)
2021-11-03 15:22:44,764 Test: [70/200]	Time 0.036 (0.049)	Loss 0.0396 (0.0622)
2021-11-03 15:22:45,123 Test: [80/200]	Time 0.037 (0.047)	Loss 0.0669 (0.0606)
2021-11-03 15:22:45,464 Test: [90/200]	Time 0.031 (0.046)	Loss 0.0913 (0.0623)
2021-11-03 15:22:45,818 Test: [100/200]	Time 0.031 (0.045)	Loss 0.0800 (0.0616)
2021-11-03 15:22:46,186 Test: [110/200]	Time 0.033 (0.044)	Loss 0.1384 (0.0624)
2021-11-03 15:22:46,528 Test: [120/200]	Time 0.037 (0.043)	Loss 0.0548 (0.0613)
2021-11-03 15:22:46,882 Test: [130/200]	Time 0.035 (0.043)	Loss 0.0466 (0.0616)
2021-11-03 15:22:47,250 Test: [140/200]	Time 0.031 (0.042)	Loss 0.0590 (0.0612)
2021-11-03 15:22:47,607 Test: [150/200]	Time 0.034 (0.042)	Loss 0.0566 (0.0603)
2021-11-03 15:22:47,952 Test: [160/200]	Time 0.034 (0.041)	Loss 0.0643 (0.0603)
2021-11-03 15:22:48,344 Test: [170/200]	Time 0.035 (0.041)	Loss 0.0425 (0.0599)
2021-11-03 15:22:48,708 Test: [180/200]	Time 0.043 (0.041)	Loss 0.0407 (0.0595)
2021-11-03 15:22:49,121 Test: [190/200]	Time 0.043 (0.041)	Loss 0.0266 (0.0593)
2021-11-03 15:22:50,476 Mean IoU score: 0.857
2021-11-03 15:22:50,482 => saving checkpoint to out
2021-11-03 15:22:52,405 Epoch: [9][0/200]	Time 1.903s (1.903s)	Speed 16.8 samples/s	Data 1.247s (1.247s)	Loss 0.01113 (0.01113)
2021-11-03 15:22:57,268 Epoch: [9][10/200]	Time 0.456s (0.615s)	Speed 70.2 samples/s	Data 0.001s (0.114s)	Loss 0.00996 (0.01083)
2021-11-03 15:23:01,890 Epoch: [9][20/200]	Time 0.458s (0.542s)	Speed 69.9 samples/s	Data 0.001s (0.060s)	Loss 0.01566 (0.01109)
2021-11-03 15:23:06,656 Epoch: [9][30/200]	Time 0.480s (0.521s)	Speed 66.7 samples/s	Data 0.001s (0.041s)	Loss 0.01019 (0.01110)
2021-11-03 15:23:11,322 Epoch: [9][40/200]	Time 0.443s (0.508s)	Speed 72.3 samples/s	Data 0.000s (0.031s)	Loss 0.01116 (0.01110)
2021-11-03 15:23:15,998 Epoch: [9][50/200]	Time 0.473s (0.500s)	Speed 67.7 samples/s	Data 0.001s (0.025s)	Loss 0.00784 (0.01094)
2021-11-03 15:23:20,700 Epoch: [9][60/200]	Time 0.464s (0.495s)	Speed 69.0 samples/s	Data 0.001s (0.021s)	Loss 0.01122 (0.01078)
2021-11-03 15:23:25,462 Epoch: [9][70/200]	Time 0.487s (0.492s)	Speed 65.8 samples/s	Data 0.002s (0.019s)	Loss 0.01071 (0.01080)
2021-11-03 15:23:30,185 Epoch: [9][80/200]	Time 0.460s (0.490s)	Speed 69.6 samples/s	Data 0.000s (0.016s)	Loss 0.00785 (0.01084)
2021-11-03 15:23:34,839 Epoch: [9][90/200]	Time 0.467s (0.487s)	Speed 68.6 samples/s	Data 0.001s (0.015s)	Loss 0.01140 (0.01075)
2021-11-03 15:23:39,581 Epoch: [9][100/200]	Time 0.457s (0.486s)	Speed 70.1 samples/s	Data 0.001s (0.013s)	Loss 0.01556 (0.01080)
2021-11-03 15:23:44,319 Epoch: [9][110/200]	Time 0.484s (0.485s)	Speed 66.2 samples/s	Data 0.001s (0.012s)	Loss 0.01150 (0.01075)
2021-11-03 15:23:49,048 Epoch: [9][120/200]	Time 0.500s (0.484s)	Speed 64.0 samples/s	Data 0.001s (0.011s)	Loss 0.00974 (0.01066)
2021-11-03 15:23:53,737 Epoch: [9][130/200]	Time 0.470s (0.483s)	Speed 68.1 samples/s	Data 0.001s (0.010s)	Loss 0.00780 (0.01068)
2021-11-03 15:23:58,448 Epoch: [9][140/200]	Time 0.479s (0.482s)	Speed 66.8 samples/s	Data 0.000s (0.010s)	Loss 0.01155 (0.01070)
2021-11-03 15:24:03,099 Epoch: [9][150/200]	Time 0.473s (0.481s)	Speed 67.7 samples/s	Data 0.001s (0.009s)	Loss 0.00917 (0.01071)
2021-11-03 15:24:07,800 Epoch: [9][160/200]	Time 0.478s (0.480s)	Speed 67.0 samples/s	Data 0.001s (0.009s)	Loss 0.01174 (0.01072)
2021-11-03 15:24:12,481 Epoch: [9][170/200]	Time 0.469s (0.479s)	Speed 68.3 samples/s	Data 0.000s (0.008s)	Loss 0.01089 (0.01068)
2021-11-03 15:24:17,150 Epoch: [9][180/200]	Time 0.453s (0.479s)	Speed 70.7 samples/s	Data 0.000s (0.008s)	Loss 0.01077 (0.01067)
2021-11-03 15:24:21,862 Epoch: [9][190/200]	Time 0.483s (0.478s)	Speed 66.2 samples/s	Data 0.001s (0.007s)	Loss 0.00803 (0.01063)
2021-11-03 15:24:27,286 Test: [0/200]	Time 1.040 (1.040)	Loss 0.0720 (0.0720)
2021-11-03 15:24:27,628 Test: [10/200]	Time 0.033 (0.126)	Loss 0.0376 (0.0546)
2021-11-03 15:24:27,990 Test: [20/200]	Time 0.033 (0.083)	Loss 0.0290 (0.0557)
2021-11-03 15:24:28,349 Test: [30/200]	Time 0.027 (0.068)	Loss 0.0664 (0.0591)
2021-11-03 15:24:28,708 Test: [40/200]	Time 0.035 (0.060)	Loss 0.0461 (0.0606)
2021-11-03 15:24:29,041 Test: [50/200]	Time 0.028 (0.055)	Loss 0.1117 (0.0601)
2021-11-03 15:24:29,394 Test: [60/200]	Time 0.035 (0.052)	Loss 0.0703 (0.0614)
2021-11-03 15:24:29,736 Test: [70/200]	Time 0.032 (0.049)	Loss 0.0362 (0.0613)
2021-11-03 15:24:30,070 Test: [80/200]	Time 0.026 (0.047)	Loss 0.0865 (0.0600)
2021-11-03 15:24:30,437 Test: [90/200]	Time 0.033 (0.046)	Loss 0.1020 (0.0621)
2021-11-03 15:24:30,789 Test: [100/200]	Time 0.036 (0.045)	Loss 0.0658 (0.0612)
2021-11-03 15:24:31,157 Test: [110/200]	Time 0.040 (0.044)	Loss 0.1372 (0.0621)
2021-11-03 15:24:31,501 Test: [120/200]	Time 0.034 (0.043)	Loss 0.0512 (0.0608)
2021-11-03 15:24:31,857 Test: [130/200]	Time 0.034 (0.043)	Loss 0.0501 (0.0613)
2021-11-03 15:24:32,221 Test: [140/200]	Time 0.037 (0.042)	Loss 0.0706 (0.0610)
2021-11-03 15:24:32,557 Test: [150/200]	Time 0.034 (0.042)	Loss 0.0512 (0.0600)
2021-11-03 15:24:32,911 Test: [160/200]	Time 0.033 (0.041)	Loss 0.0700 (0.0600)
2021-11-03 15:24:33,270 Test: [170/200]	Time 0.028 (0.041)	Loss 0.0523 (0.0595)
2021-11-03 15:24:33,598 Test: [180/200]	Time 0.029 (0.041)	Loss 0.0408 (0.0590)
2021-11-03 15:24:33,943 Test: [190/200]	Time 0.030 (0.040)	Loss 0.0260 (0.0587)
2021-11-03 15:24:35,243 Mean IoU score: 0.858
2021-11-03 15:24:35,249 => saving checkpoint to out
2021-11-03 15:24:37,043 Epoch: [10][0/200]	Time 1.776s (1.776s)	Speed 18.0 samples/s	Data 1.220s (1.220s)	Loss 0.00805 (0.00805)
2021-11-03 15:24:41,699 Epoch: [10][10/200]	Time 0.469s (0.585s)	Speed 68.3 samples/s	Data 0.001s (0.112s)	Loss 0.00867 (0.00944)
2021-11-03 15:24:46,454 Epoch: [10][20/200]	Time 0.477s (0.533s)	Speed 67.1 samples/s	Data 0.001s (0.059s)	Loss 0.00973 (0.00911)
2021-11-03 15:24:51,140 Epoch: [10][30/200]	Time 0.458s (0.512s)	Speed 69.8 samples/s	Data 0.001s (0.040s)	Loss 0.01033 (0.00933)
2021-11-03 15:24:55,835 Epoch: [10][40/200]	Time 0.459s (0.502s)	Speed 69.8 samples/s	Data 0.001s (0.031s)	Loss 0.00779 (0.00956)
2021-11-03 15:25:00,524 Epoch: [10][50/200]	Time 0.458s (0.495s)	Speed 69.9 samples/s	Data 0.001s (0.025s)	Loss 0.01222 (0.00956)
2021-11-03 15:25:05,251 Epoch: [10][60/200]	Time 0.461s (0.492s)	Speed 69.4 samples/s	Data 0.001s (0.021s)	Loss 0.01306 (0.00959)
2021-11-03 15:25:09,985 Epoch: [10][70/200]	Time 0.461s (0.489s)	Speed 69.4 samples/s	Data 0.001s (0.018s)	Loss 0.00839 (0.00960)
2021-11-03 15:25:14,635 Epoch: [10][80/200]	Time 0.435s (0.486s)	Speed 73.6 samples/s	Data 0.001s (0.016s)	Loss 0.01104 (0.00961)
2021-11-03 15:25:19,294 Epoch: [10][90/200]	Time 0.462s (0.484s)	Speed 69.3 samples/s	Data 0.000s (0.014s)	Loss 0.00810 (0.00960)
2021-11-03 15:25:23,962 Epoch: [10][100/200]	Time 0.462s (0.482s)	Speed 69.2 samples/s	Data 0.001s (0.013s)	Loss 0.00885 (0.00965)
2021-11-03 15:25:28,744 Epoch: [10][110/200]	Time 0.473s (0.482s)	Speed 67.7 samples/s	Data 0.000s (0.012s)	Loss 0.00782 (0.00966)
2021-11-03 15:25:33,456 Epoch: [10][120/200]	Time 0.474s (0.481s)	Speed 67.5 samples/s	Data 0.000s (0.011s)	Loss 0.01044 (0.00974)
2021-11-03 15:25:38,154 Epoch: [10][130/200]	Time 0.489s (0.480s)	Speed 65.4 samples/s	Data 0.001s (0.010s)	Loss 0.01008 (0.00977)
2021-11-03 15:25:42,900 Epoch: [10][140/200]	Time 0.460s (0.480s)	Speed 69.6 samples/s	Data 0.001s (0.010s)	Loss 0.00976 (0.00980)
2021-11-03 15:25:47,558 Epoch: [10][150/200]	Time 0.447s (0.479s)	Speed 71.6 samples/s	Data 0.001s (0.009s)	Loss 0.00963 (0.00978)
2021-11-03 15:25:52,369 Epoch: [10][160/200]	Time 0.475s (0.479s)	Speed 67.4 samples/s	Data 0.001s (0.009s)	Loss 0.00861 (0.00978)
2021-11-03 15:25:57,136 Epoch: [10][170/200]	Time 0.470s (0.479s)	Speed 68.1 samples/s	Data 0.000s (0.008s)	Loss 0.01073 (0.00981)
2021-11-03 15:26:01,848 Epoch: [10][180/200]	Time 0.495s (0.478s)	Speed 64.7 samples/s	Data 0.001s (0.008s)	Loss 0.00987 (0.00977)
2021-11-03 15:26:06,497 Epoch: [10][190/200]	Time 0.486s (0.478s)	Speed 65.9 samples/s	Data 0.001s (0.007s)	Loss 0.00962 (0.00977)
2021-11-03 15:26:12,003 Test: [0/200]	Time 1.075 (1.075)	Loss 0.1249 (0.1249)
2021-11-03 15:26:12,334 Test: [10/200]	Time 0.032 (0.128)	Loss 0.0345 (0.0632)
2021-11-03 15:26:12,679 Test: [20/200]	Time 0.026 (0.083)	Loss 0.0388 (0.0628)
2021-11-03 15:26:13,015 Test: [30/200]	Time 0.034 (0.067)	Loss 0.0651 (0.0666)
2021-11-03 15:26:13,352 Test: [40/200]	Time 0.034 (0.059)	Loss 0.0617 (0.0672)
2021-11-03 15:26:13,698 Test: [50/200]	Time 0.035 (0.054)	Loss 0.1069 (0.0667)
2021-11-03 15:26:14,064 Test: [60/200]	Time 0.038 (0.051)	Loss 0.0813 (0.0682)
2021-11-03 15:26:14,443 Test: [70/200]	Time 0.037 (0.049)	Loss 0.0421 (0.0681)
2021-11-03 15:26:14,771 Test: [80/200]	Time 0.033 (0.047)	Loss 0.0671 (0.0660)
2021-11-03 15:26:15,125 Test: [90/200]	Time 0.037 (0.046)	Loss 0.0903 (0.0673)
2021-11-03 15:26:15,482 Test: [100/200]	Time 0.026 (0.045)	Loss 0.1047 (0.0663)
2021-11-03 15:26:15,822 Test: [110/200]	Time 0.032 (0.044)	Loss 0.1495 (0.0669)
2021-11-03 15:26:16,169 Test: [120/200]	Time 0.031 (0.043)	Loss 0.0511 (0.0661)
2021-11-03 15:26:16,552 Test: [130/200]	Time 0.036 (0.043)	Loss 0.0498 (0.0664)
2021-11-03 15:26:16,907 Test: [140/200]	Time 0.033 (0.042)	Loss 0.0683 (0.0661)
2021-11-03 15:26:17,258 Test: [150/200]	Time 0.037 (0.042)	Loss 0.0505 (0.0649)
2021-11-03 15:26:17,613 Test: [160/200]	Time 0.031 (0.042)	Loss 0.0693 (0.0650)
2021-11-03 15:26:17,966 Test: [170/200]	Time 0.033 (0.041)	Loss 0.0553 (0.0647)
2021-11-03 15:26:18,306 Test: [180/200]	Time 0.032 (0.041)	Loss 0.0446 (0.0645)
2021-11-03 15:26:18,672 Test: [190/200]	Time 0.033 (0.041)	Loss 0.0251 (0.0642)
2021-11-03 15:26:19,965 Mean IoU score: 0.851
2021-11-03 15:26:19,971 => saving checkpoint to out
2021-11-03 15:26:21,746 Epoch: [11][0/200]	Time 1.761s (1.761s)	Speed 18.2 samples/s	Data 1.198s (1.198s)	Loss 0.00771 (0.00771)
2021-11-03 15:26:26,283 Epoch: [11][10/200]	Time 0.441s (0.573s)	Speed 72.6 samples/s	Data 0.000s (0.110s)	Loss 0.00912 (0.00835)
2021-11-03 15:26:31,115 Epoch: [11][20/200]	Time 0.474s (0.530s)	Speed 67.5 samples/s	Data 0.001s (0.058s)	Loss 0.01131 (0.00844)
2021-11-03 15:26:35,772 Epoch: [11][30/200]	Time 0.439s (0.509s)	Speed 72.9 samples/s	Data 0.001s (0.040s)	Loss 0.00860 (0.00857)
2021-11-03 15:26:40,352 Epoch: [11][40/200]	Time 0.445s (0.497s)	Speed 71.9 samples/s	Data 0.001s (0.030s)	Loss 0.01156 (0.00873)
2021-11-03 15:26:44,982 Epoch: [11][50/200]	Time 0.451s (0.490s)	Speed 71.0 samples/s	Data 0.001s (0.024s)	Loss 0.00882 (0.00887)
2021-11-03 15:26:49,618 Epoch: [11][60/200]	Time 0.471s (0.486s)	Speed 68.0 samples/s	Data 0.001s (0.021s)	Loss 0.01016 (0.00895)
2021-11-03 15:26:54,273 Epoch: [11][70/200]	Time 0.474s (0.483s)	Speed 67.5 samples/s	Data 0.001s (0.018s)	Loss 0.00963 (0.00890)
2021-11-03 15:26:58,967 Epoch: [11][80/200]	Time 0.447s (0.481s)	Speed 71.5 samples/s	Data 0.001s (0.016s)	Loss 0.00871 (0.00889)
2021-11-03 15:27:03,594 Epoch: [11][90/200]	Time 0.488s (0.479s)	Speed 65.6 samples/s	Data 0.001s (0.014s)	Loss 0.00879 (0.00889)
2021-11-03 15:27:08,242 Epoch: [11][100/200]	Time 0.473s (0.478s)	Speed 67.7 samples/s	Data 0.001s (0.013s)	Loss 0.00962 (0.00893)
2021-11-03 15:27:12,890 Epoch: [11][110/200]	Time 0.454s (0.477s)	Speed 70.5 samples/s	Data 0.001s (0.012s)	Loss 0.01082 (0.00890)
2021-11-03 15:27:17,500 Epoch: [11][120/200]	Time 0.474s (0.475s)	Speed 67.5 samples/s	Data 0.001s (0.011s)	Loss 0.00826 (0.00892)
2021-11-03 15:27:22,177 Epoch: [11][130/200]	Time 0.455s (0.475s)	Speed 70.4 samples/s	Data 0.001s (0.010s)	Loss 0.00848 (0.00894)
2021-11-03 15:27:26,842 Epoch: [11][140/200]	Time 0.451s (0.474s)	Speed 71.0 samples/s	Data 0.001s (0.009s)	Loss 0.01216 (0.00903)
2021-11-03 15:27:31,459 Epoch: [11][150/200]	Time 0.459s (0.473s)	Speed 69.8 samples/s	Data 0.001s (0.009s)	Loss 0.01187 (0.00906)
2021-11-03 15:27:36,039 Epoch: [11][160/200]	Time 0.451s (0.472s)	Speed 71.0 samples/s	Data 0.001s (0.008s)	Loss 0.01096 (0.00918)
2021-11-03 15:27:40,754 Epoch: [11][170/200]	Time 0.459s (0.472s)	Speed 69.8 samples/s	Data 0.000s (0.008s)	Loss 0.01203 (0.00932)
2021-11-03 15:27:45,358 Epoch: [11][180/200]	Time 0.485s (0.472s)	Speed 65.9 samples/s	Data 0.001s (0.008s)	Loss 0.01108 (0.00946)
2021-11-03 15:27:49,958 Epoch: [11][190/200]	Time 0.463s (0.471s)	Speed 69.2 samples/s	Data 0.001s (0.007s)	Loss 0.02794 (0.00975)
2021-11-03 15:27:55,372 Test: [0/200]	Time 1.086 (1.086)	Loss 0.2096 (0.2096)
2021-11-03 15:27:55,716 Test: [10/200]	Time 0.025 (0.130)	Loss 0.0375 (0.1655)
2021-11-03 15:27:56,064 Test: [20/200]	Time 0.036 (0.085)	Loss 0.1168 (0.1808)
2021-11-03 15:27:56,403 Test: [30/200]	Time 0.032 (0.068)	Loss 0.3453 (0.1896)
2021-11-03 15:27:56,752 Test: [40/200]	Time 0.032 (0.060)	Loss 0.2182 (0.2002)
2021-11-03 15:27:57,101 Test: [50/200]	Time 0.035 (0.055)	Loss 0.2581 (0.2011)
2021-11-03 15:27:57,468 Test: [60/200]	Time 0.032 (0.052)	Loss 0.2949 (0.2048)
2021-11-03 15:27:57,834 Test: [70/200]	Time 0.033 (0.050)	Loss 0.1932 (0.2073)
2021-11-03 15:27:58,191 Test: [80/200]	Time 0.036 (0.048)	Loss 0.2926 (0.2074)
2021-11-03 15:27:58,556 Test: [90/200]	Time 0.040 (0.047)	Loss 0.1814 (0.2100)
2021-11-03 15:27:58,929 Test: [100/200]	Time 0.036 (0.046)	Loss 0.3323 (0.2088)
2021-11-03 15:27:59,270 Test: [110/200]	Time 0.036 (0.045)	Loss 0.2862 (0.2113)
2021-11-03 15:27:59,640 Test: [120/200]	Time 0.039 (0.044)	Loss 0.2106 (0.2103)
2021-11-03 15:27:59,984 Test: [130/200]	Time 0.034 (0.043)	Loss 0.1988 (0.2124)
2021-11-03 15:28:00,535 Test: [140/200]	Time 0.037 (0.044)	Loss 0.1284 (0.2103)
2021-11-03 15:28:00,903 Test: [150/200]	Time 0.037 (0.044)	Loss 0.1908 (0.2087)
2021-11-03 15:28:01,275 Test: [160/200]	Time 0.033 (0.043)	Loss 0.2761 (0.2091)
2021-11-03 15:28:01,642 Test: [170/200]	Time 0.036 (0.043)	Loss 0.0859 (0.2056)
2021-11-03 15:28:01,998 Test: [180/200]	Time 0.037 (0.043)	Loss 0.1203 (0.2042)
2021-11-03 15:28:02,344 Test: [190/200]	Time 0.032 (0.042)	Loss 0.1218 (0.2042)
2021-11-03 15:28:03,649 Mean IoU score: 0.618
2021-11-03 15:28:03,654 => saving checkpoint to out
2021-11-03 15:28:05,420 Epoch: [12][0/200]	Time 1.751s (1.751s)	Speed 18.3 samples/s	Data 1.177s (1.177s)	Loss 0.03066 (0.03066)
2021-11-03 15:28:09,981 Epoch: [12][10/200]	Time 0.446s (0.574s)	Speed 71.8 samples/s	Data 0.001s (0.108s)	Loss 0.01957 (0.02188)
2021-11-03 15:28:14,661 Epoch: [12][20/200]	Time 0.463s (0.523s)	Speed 69.1 samples/s	Data 0.001s (0.057s)	Loss 0.02271 (0.02115)
2021-11-03 15:28:19,265 Epoch: [12][30/200]	Time 0.464s (0.503s)	Speed 69.0 samples/s	Data 0.001s (0.039s)	Loss 0.01903 (0.02027)
2021-11-03 15:28:23,899 Epoch: [12][40/200]	Time 0.478s (0.493s)	Speed 66.9 samples/s	Data 0.001s (0.030s)	Loss 0.01656 (0.01966)
2021-11-03 15:28:28,490 Epoch: [12][50/200]	Time 0.449s (0.487s)	Speed 71.3 samples/s	Data 0.000s (0.024s)	Loss 0.01580 (0.01931)
2021-11-03 15:28:33,145 Epoch: [12][60/200]	Time 0.454s (0.483s)	Speed 70.5 samples/s	Data 0.001s (0.020s)	Loss 0.01346 (0.01895)
2021-11-03 15:28:37,776 Epoch: [12][70/200]	Time 0.468s (0.480s)	Speed 68.4 samples/s	Data 0.000s (0.017s)	Loss 0.01820 (0.01860)
2021-11-03 15:28:42,358 Epoch: [12][80/200]	Time 0.454s (0.478s)	Speed 70.5 samples/s	Data 0.001s (0.015s)	Loss 0.01514 (0.01841)
2021-11-03 15:28:47,098 Epoch: [12][90/200]	Time 0.496s (0.477s)	Speed 64.5 samples/s	Data 0.001s (0.014s)	Loss 0.01165 (0.01809)
2021-11-03 15:28:51,733 Epoch: [12][100/200]	Time 0.470s (0.476s)	Speed 68.1 samples/s	Data 0.000s (0.013s)	Loss 0.01909 (0.01771)
2021-11-03 15:28:56,389 Epoch: [12][110/200]	Time 0.469s (0.475s)	Speed 68.3 samples/s	Data 0.002s (0.012s)	Loss 0.00999 (0.01750)
2021-11-03 15:29:00,945 Epoch: [12][120/200]	Time 0.441s (0.473s)	Speed 72.6 samples/s	Data 0.001s (0.011s)	Loss 0.02027 (0.01728)
2021-11-03 15:29:05,575 Epoch: [12][130/200]	Time 0.467s (0.473s)	Speed 68.5 samples/s	Data 0.001s (0.010s)	Loss 0.01626 (0.01715)
2021-11-03 15:29:10,232 Epoch: [12][140/200]	Time 0.475s (0.472s)	Speed 67.4 samples/s	Data 0.000s (0.009s)	Loss 0.01515 (0.01703)
2021-11-03 15:29:14,811 Epoch: [12][150/200]	Time 0.452s (0.471s)	Speed 70.8 samples/s	Data 0.001s (0.009s)	Loss 0.02203 (0.01708)
2021-11-03 15:29:19,428 Epoch: [12][160/200]	Time 0.455s (0.471s)	Speed 70.4 samples/s	Data 0.001s (0.008s)	Loss 0.02088 (0.01709)
2021-11-03 15:29:24,015 Epoch: [12][170/200]	Time 0.451s (0.470s)	Speed 71.0 samples/s	Data 0.001s (0.008s)	Loss 0.01319 (0.01712)
2021-11-03 15:29:28,666 Epoch: [12][180/200]	Time 0.450s (0.470s)	Speed 71.1 samples/s	Data 0.001s (0.007s)	Loss 0.01224 (0.01700)
2021-11-03 15:29:33,204 Epoch: [12][190/200]	Time 0.449s (0.469s)	Speed 71.3 samples/s	Data 0.001s (0.007s)	Loss 0.01097 (0.01680)
2021-11-03 15:29:38,756 Test: [0/200]	Time 1.040 (1.040)	Loss 0.0884 (0.0884)
2021-11-03 15:29:39,092 Test: [10/200]	Time 0.032 (0.125)	Loss 0.0232 (0.0663)
2021-11-03 15:29:39,428 Test: [20/200]	Time 0.035 (0.082)	Loss 0.0705 (0.0767)
2021-11-03 15:29:39,801 Test: [30/200]	Time 0.035 (0.067)	Loss 0.1437 (0.0858)
2021-11-03 15:29:40,125 Test: [40/200]	Time 0.032 (0.059)	Loss 0.0639 (0.0889)
2021-11-03 15:29:40,470 Test: [50/200]	Time 0.037 (0.054)	Loss 0.1171 (0.0886)
2021-11-03 15:29:40,837 Test: [60/200]	Time 0.031 (0.051)	Loss 0.1002 (0.0894)
2021-11-03 15:29:41,184 Test: [70/200]	Time 0.038 (0.049)	Loss 0.0724 (0.0895)
2021-11-03 15:29:41,541 Test: [80/200]	Time 0.036 (0.047)	Loss 0.0783 (0.0888)
2021-11-03 15:29:41,904 Test: [90/200]	Time 0.033 (0.046)	Loss 0.1678 (0.0911)
2021-11-03 15:29:42,248 Test: [100/200]	Time 0.037 (0.045)	Loss 0.1132 (0.0911)
2021-11-03 15:29:42,595 Test: [110/200]	Time 0.037 (0.044)	Loss 0.1692 (0.0916)
2021-11-03 15:29:42,950 Test: [120/200]	Time 0.034 (0.043)	Loss 0.1191 (0.0903)
2021-11-03 15:29:43,295 Test: [130/200]	Time 0.033 (0.043)	Loss 0.0761 (0.0915)
2021-11-03 15:29:43,635 Test: [140/200]	Time 0.034 (0.042)	Loss 0.0844 (0.0912)
2021-11-03 15:29:43,989 Test: [150/200]	Time 0.036 (0.042)	Loss 0.0788 (0.0907)
2021-11-03 15:29:44,339 Test: [160/200]	Time 0.031 (0.041)	Loss 0.0891 (0.0910)
2021-11-03 15:29:44,697 Test: [170/200]	Time 0.042 (0.041)	Loss 0.0752 (0.0900)
2021-11-03 15:29:45,040 Test: [180/200]	Time 0.032 (0.040)	Loss 0.0514 (0.0892)
2021-11-03 15:29:45,397 Test: [190/200]	Time 0.032 (0.040)	Loss 0.0468 (0.0889)
2021-11-03 15:29:46,691 Mean IoU score: 0.785
2021-11-03 15:29:46,697 => saving checkpoint to out
2021-11-03 15:29:48,500 Epoch: [13][0/200]	Time 1.789s (1.789s)	Speed 17.9 samples/s	Data 1.180s (1.180s)	Loss 0.00868 (0.00868)
2021-11-03 15:29:53,188 Epoch: [13][10/200]	Time 0.448s (0.589s)	Speed 71.5 samples/s	Data 0.001s (0.108s)	Loss 0.00916 (0.01285)
2021-11-03 15:29:57,891 Epoch: [13][20/200]	Time 0.504s (0.532s)	Speed 63.5 samples/s	Data 0.001s (0.057s)	Loss 0.00813 (0.01182)
2021-11-03 15:30:02,640 Epoch: [13][30/200]	Time 0.500s (0.514s)	Speed 64.0 samples/s	Data 0.001s (0.039s)	Loss 0.01051 (0.01186)
2021-11-03 15:30:07,524 Epoch: [13][40/200]	Time 0.525s (0.508s)	Speed 60.9 samples/s	Data 0.000s (0.030s)	Loss 0.01116 (0.01164)
2021-11-03 15:30:12,268 Epoch: [13][50/200]	Time 0.478s (0.501s)	Speed 67.0 samples/s	Data 0.001s (0.024s)	Loss 0.01171 (0.01134)
2021-11-03 15:30:16,954 Epoch: [13][60/200]	Time 0.452s (0.496s)	Speed 70.8 samples/s	Data 0.001s (0.020s)	Loss 0.01244 (0.01120)
2021-11-03 15:30:21,644 Epoch: [13][70/200]	Time 0.460s (0.492s)	Speed 69.6 samples/s	Data 0.001s (0.017s)	Loss 0.01113 (0.01097)
2021-11-03 15:30:26,407 Epoch: [13][80/200]	Time 0.496s (0.490s)	Speed 64.5 samples/s	Data 0.001s (0.015s)	Loss 0.01504 (0.01092)
2021-11-03 15:30:31,098 Epoch: [13][90/200]	Time 0.458s (0.488s)	Speed 69.9 samples/s	Data 0.001s (0.014s)	Loss 0.01166 (0.01101)
2021-11-03 15:30:35,904 Epoch: [13][100/200]	Time 0.498s (0.487s)	Speed 64.3 samples/s	Data 0.001s (0.013s)	Loss 0.00722 (0.01101)
2021-11-03 15:30:40,644 Epoch: [13][110/200]	Time 0.467s (0.486s)	Speed 68.6 samples/s	Data 0.001s (0.012s)	Loss 0.01054 (0.01100)
2021-11-03 15:30:45,409 Epoch: [13][120/200]	Time 0.471s (0.485s)	Speed 68.0 samples/s	Data 0.000s (0.011s)	Loss 0.01013 (0.01089)
2021-11-03 15:30:50,179 Epoch: [13][130/200]	Time 0.461s (0.484s)	Speed 69.4 samples/s	Data 0.001s (0.010s)	Loss 0.01186 (0.01086)
2021-11-03 15:30:55,194 Epoch: [13][140/200]	Time 0.456s (0.486s)	Speed 70.2 samples/s	Data 0.000s (0.009s)	Loss 0.01011 (0.01081)
2021-11-03 15:30:59,985 Epoch: [13][150/200]	Time 0.487s (0.485s)	Speed 65.7 samples/s	Data 0.000s (0.009s)	Loss 0.01007 (0.01074)
2021-11-03 15:31:04,669 Epoch: [13][160/200]	Time 0.464s (0.484s)	Speed 69.0 samples/s	Data 0.001s (0.008s)	Loss 0.01026 (0.01073)
2021-11-03 15:31:09,411 Epoch: [13][170/200]	Time 0.467s (0.484s)	Speed 68.6 samples/s	Data 0.001s (0.008s)	Loss 0.01433 (0.01077)
2021-11-03 15:31:14,128 Epoch: [13][180/200]	Time 0.455s (0.483s)	Speed 70.3 samples/s	Data 0.001s (0.007s)	Loss 0.01291 (0.01086)
2021-11-03 15:31:18,850 Epoch: [13][190/200]	Time 0.474s (0.482s)	Speed 67.6 samples/s	Data 0.001s (0.007s)	Loss 0.01098 (0.01086)
2021-11-03 15:31:24,456 Test: [0/200]	Time 1.106 (1.106)	Loss 0.0503 (0.0503)
2021-11-03 15:31:24,834 Test: [10/200]	Time 0.040 (0.135)	Loss 0.0258 (0.0560)
2021-11-03 15:31:25,193 Test: [20/200]	Time 0.035 (0.088)	Loss 0.0392 (0.0564)
2021-11-03 15:31:25,567 Test: [30/200]	Time 0.036 (0.072)	Loss 0.0791 (0.0618)
2021-11-03 15:31:25,932 Test: [40/200]	Time 0.036 (0.063)	Loss 0.0580 (0.0625)
2021-11-03 15:31:26,305 Test: [50/200]	Time 0.038 (0.058)	Loss 0.0913 (0.0625)
2021-11-03 15:31:26,731 Test: [60/200]	Time 0.042 (0.055)	Loss 0.0916 (0.0656)
2021-11-03 15:31:27,132 Test: [70/200]	Time 0.041 (0.053)	Loss 0.0456 (0.0659)
2021-11-03 15:31:27,536 Test: [80/200]	Time 0.040 (0.052)	Loss 0.0640 (0.0641)
2021-11-03 15:31:27,924 Test: [90/200]	Time 0.035 (0.050)	Loss 0.1198 (0.0650)
2021-11-03 15:31:28,303 Test: [100/200]	Time 0.034 (0.049)	Loss 0.0964 (0.0650)
2021-11-03 15:31:28,680 Test: [110/200]	Time 0.035 (0.048)	Loss 0.1859 (0.0669)
2021-11-03 15:31:29,073 Test: [120/200]	Time 0.038 (0.047)	Loss 0.0544 (0.0655)
2021-11-03 15:31:29,459 Test: [130/200]	Time 0.036 (0.047)	Loss 0.0470 (0.0658)
2021-11-03 15:31:29,851 Test: [140/200]	Time 0.039 (0.046)	Loss 0.0601 (0.0655)
2021-11-03 15:31:30,235 Test: [150/200]	Time 0.036 (0.046)	Loss 0.0476 (0.0643)
2021-11-03 15:31:30,625 Test: [160/200]	Time 0.039 (0.045)	Loss 0.0632 (0.0642)
2021-11-03 15:31:31,013 Test: [170/200]	Time 0.035 (0.045)	Loss 0.0503 (0.0635)
2021-11-03 15:31:31,384 Test: [180/200]	Time 0.036 (0.044)	Loss 0.0424 (0.0632)
2021-11-03 15:31:31,783 Test: [190/200]	Time 0.040 (0.044)	Loss 0.0253 (0.0634)
2021-11-03 15:31:33,182 Mean IoU score: 0.844
2021-11-03 15:31:33,189 => saving checkpoint to out
2021-11-03 15:31:35,142 Epoch: [14][0/200]	Time 1.937s (1.937s)	Speed 16.5 samples/s	Data 1.309s (1.309s)	Loss 0.00782 (0.00782)
2021-11-03 15:31:40,108 Epoch: [14][10/200]	Time 0.462s (0.627s)	Speed 69.3 samples/s	Data 0.001s (0.120s)	Loss 0.00816 (0.00963)
2021-11-03 15:31:45,288 Epoch: [14][20/200]	Time 0.522s (0.575s)	Speed 61.3 samples/s	Data 0.001s (0.063s)	Loss 0.00957 (0.00972)
2021-11-03 15:31:50,382 Epoch: [14][30/200]	Time 0.532s (0.554s)	Speed 60.2 samples/s	Data 0.001s (0.043s)	Loss 0.00935 (0.00940)
2021-11-03 15:31:55,193 Epoch: [14][40/200]	Time 0.482s (0.536s)	Speed 66.4 samples/s	Data 0.001s (0.033s)	Loss 0.00807 (0.00950)
2021-11-03 15:31:59,980 Epoch: [14][50/200]	Time 0.465s (0.525s)	Speed 68.9 samples/s	Data 0.000s (0.027s)	Loss 0.01040 (0.00950)
2021-11-03 15:32:04,764 Epoch: [14][60/200]	Time 0.480s (0.517s)	Speed 66.7 samples/s	Data 0.001s (0.022s)	Loss 0.00780 (0.00935)
2021-11-03 15:32:09,499 Epoch: [14][70/200]	Time 0.452s (0.511s)	Speed 70.8 samples/s	Data 0.001s (0.019s)	Loss 0.00806 (0.00931)
2021-11-03 15:32:14,179 Epoch: [14][80/200]	Time 0.473s (0.506s)	Speed 67.7 samples/s	Data 0.001s (0.017s)	Loss 0.00984 (0.00921)
2021-11-03 15:32:18,917 Epoch: [14][90/200]	Time 0.462s (0.502s)	Speed 69.3 samples/s	Data 0.001s (0.015s)	Loss 0.00946 (0.00933)
2021-11-03 15:32:23,689 Epoch: [14][100/200]	Time 0.473s (0.500s)	Speed 67.7 samples/s	Data 0.001s (0.014s)	Loss 0.01130 (0.00935)
2021-11-03 15:32:28,428 Epoch: [14][110/200]	Time 0.470s (0.498s)	Speed 68.1 samples/s	Data 0.001s (0.013s)	Loss 0.00717 (0.00938)
2021-11-03 15:32:33,155 Epoch: [14][120/200]	Time 0.478s (0.495s)	Speed 67.0 samples/s	Data 0.001s (0.012s)	Loss 0.00844 (0.00934)
2021-11-03 15:32:37,805 Epoch: [14][130/200]	Time 0.466s (0.493s)	Speed 68.7 samples/s	Data 0.001s (0.011s)	Loss 0.00749 (0.00927)
2021-11-03 15:32:42,602 Epoch: [14][140/200]	Time 0.489s (0.492s)	Speed 65.5 samples/s	Data 0.001s (0.010s)	Loss 0.00702 (0.00926)
2021-11-03 15:32:47,358 Epoch: [14][150/200]	Time 0.487s (0.491s)	Speed 65.7 samples/s	Data 0.001s (0.010s)	Loss 0.00847 (0.00921)
2021-11-03 15:32:52,149 Epoch: [14][160/200]	Time 0.482s (0.490s)	Speed 66.4 samples/s	Data 0.000s (0.009s)	Loss 0.00746 (0.00918)
2021-11-03 15:32:56,828 Epoch: [14][170/200]	Time 0.439s (0.489s)	Speed 72.9 samples/s	Data 0.001s (0.009s)	Loss 0.00904 (0.00916)
2021-11-03 15:33:01,539 Epoch: [14][180/200]	Time 0.470s (0.488s)	Speed 68.1 samples/s	Data 0.001s (0.008s)	Loss 0.00907 (0.00909)
2021-11-03 15:33:06,252 Epoch: [14][190/200]	Time 0.472s (0.487s)	Speed 67.9 samples/s	Data 0.001s (0.008s)	Loss 0.00870 (0.00907)
2021-11-03 15:33:11,808 Test: [0/200]	Time 1.055 (1.055)	Loss 0.0545 (0.0545)
2021-11-03 15:33:12,141 Test: [10/200]	Time 0.032 (0.126)	Loss 0.0266 (0.0499)
2021-11-03 15:33:12,493 Test: [20/200]	Time 0.032 (0.083)	Loss 0.0268 (0.0499)
2021-11-03 15:33:12,845 Test: [30/200]	Time 0.037 (0.068)	Loss 0.0587 (0.0539)
2021-11-03 15:33:13,176 Test: [40/200]	Time 0.032 (0.059)	Loss 0.0575 (0.0542)
2021-11-03 15:33:13,530 Test: [50/200]	Time 0.034 (0.054)	Loss 0.0925 (0.0542)
2021-11-03 15:33:13,882 Test: [60/200]	Time 0.030 (0.051)	Loss 0.0850 (0.0551)
2021-11-03 15:33:14,196 Test: [70/200]	Time 0.034 (0.049)	Loss 0.0431 (0.0556)
2021-11-03 15:33:14,567 Test: [80/200]	Time 0.030 (0.047)	Loss 0.0574 (0.0541)
2021-11-03 15:33:14,946 Test: [90/200]	Time 0.037 (0.046)	Loss 0.0883 (0.0557)
2021-11-03 15:33:15,299 Test: [100/200]	Time 0.033 (0.045)	Loss 0.0758 (0.0557)
2021-11-03 15:33:15,640 Test: [110/200]	Time 0.037 (0.044)	Loss 0.1459 (0.0565)
2021-11-03 15:33:16,024 Test: [120/200]	Time 0.035 (0.044)	Loss 0.0491 (0.0553)
2021-11-03 15:33:16,395 Test: [130/200]	Time 0.032 (0.043)	Loss 0.0393 (0.0555)
2021-11-03 15:33:16,769 Test: [140/200]	Time 0.041 (0.043)	Loss 0.0595 (0.0553)
2021-11-03 15:33:17,133 Test: [150/200]	Time 0.038 (0.042)	Loss 0.0425 (0.0541)
2021-11-03 15:33:17,481 Test: [160/200]	Time 0.033 (0.042)	Loss 0.0621 (0.0544)
2021-11-03 15:33:17,840 Test: [170/200]	Time 0.037 (0.041)	Loss 0.0371 (0.0541)
2021-11-03 15:33:18,202 Test: [180/200]	Time 0.033 (0.041)	Loss 0.0316 (0.0540)
2021-11-03 15:33:18,549 Test: [190/200]	Time 0.030 (0.041)	Loss 0.0211 (0.0539)
2021-11-03 15:33:19,894 Mean IoU score: 0.869
2021-11-03 15:33:19,900 => saving checkpoint to out
2021-11-03 15:33:21,828 Epoch: [15][0/200]	Time 1.907s (1.907s)	Speed 16.8 samples/s	Data 1.268s (1.268s)	Loss 0.00663 (0.00663)
2021-11-03 15:33:26,638 Epoch: [15][10/200]	Time 0.469s (0.611s)	Speed 68.3 samples/s	Data 0.001s (0.116s)	Loss 0.00865 (0.00773)
2021-11-03 15:33:31,371 Epoch: [15][20/200]	Time 0.461s (0.545s)	Speed 69.5 samples/s	Data 0.001s (0.061s)	Loss 0.00705 (0.00769)
2021-11-03 15:33:36,070 Epoch: [15][30/200]	Time 0.470s (0.521s)	Speed 68.1 samples/s	Data 0.001s (0.042s)	Loss 0.00797 (0.00782)
2021-11-03 15:33:40,843 Epoch: [15][40/200]	Time 0.488s (0.510s)	Speed 65.6 samples/s	Data 0.001s (0.032s)	Loss 0.00875 (0.00771)
2021-11-03 15:33:45,576 Epoch: [15][50/200]	Time 0.464s (0.503s)	Speed 69.0 samples/s	Data 0.001s (0.026s)	Loss 0.00911 (0.00773)
2021-11-03 15:33:50,291 Epoch: [15][60/200]	Time 0.471s (0.498s)	Speed 68.0 samples/s	Data 0.000s (0.022s)	Loss 0.00754 (0.00782)
2021-11-03 15:33:55,006 Epoch: [15][70/200]	Time 0.461s (0.494s)	Speed 69.5 samples/s	Data 0.001s (0.019s)	Loss 0.00618 (0.00784)
2021-11-03 15:33:59,796 Epoch: [15][80/200]	Time 0.488s (0.492s)	Speed 65.6 samples/s	Data 0.001s (0.017s)	Loss 0.00753 (0.00780)
2021-11-03 15:34:04,519 Epoch: [15][90/200]	Time 0.481s (0.490s)	Speed 66.6 samples/s	Data 0.001s (0.015s)	Loss 0.00770 (0.00784)
2021-11-03 15:34:09,241 Epoch: [15][100/200]	Time 0.475s (0.488s)	Speed 67.4 samples/s	Data 0.001s (0.013s)	Loss 0.00938 (0.00789)
2021-11-03 15:34:13,933 Epoch: [15][110/200]	Time 0.478s (0.487s)	Speed 67.0 samples/s	Data 0.001s (0.012s)	Loss 0.00584 (0.00789)
2021-11-03 15:34:18,669 Epoch: [15][120/200]	Time 0.486s (0.486s)	Speed 65.8 samples/s	Data 0.001s (0.011s)	Loss 0.00894 (0.00789)
2021-11-03 15:34:23,312 Epoch: [15][130/200]	Time 0.461s (0.484s)	Speed 69.5 samples/s	Data 0.001s (0.011s)	Loss 0.00699 (0.00786)
2021-11-03 15:34:27,992 Epoch: [15][140/200]	Time 0.453s (0.483s)	Speed 70.7 samples/s	Data 0.001s (0.010s)	Loss 0.01213 (0.00788)
2021-11-03 15:34:32,676 Epoch: [15][150/200]	Time 0.471s (0.482s)	Speed 68.0 samples/s	Data 0.001s (0.009s)	Loss 0.01100 (0.00792)
2021-11-03 15:34:37,374 Epoch: [15][160/200]	Time 0.475s (0.481s)	Speed 67.4 samples/s	Data 0.000s (0.009s)	Loss 0.00827 (0.00792)
2021-11-03 15:34:42,092 Epoch: [15][170/200]	Time 0.465s (0.481s)	Speed 68.8 samples/s	Data 0.000s (0.008s)	Loss 0.00523 (0.00791)
2021-11-03 15:34:46,783 Epoch: [15][180/200]	Time 0.451s (0.480s)	Speed 71.0 samples/s	Data 0.001s (0.008s)	Loss 0.00669 (0.00788)
2021-11-03 15:34:51,522 Epoch: [15][190/200]	Time 0.494s (0.480s)	Speed 64.8 samples/s	Data 0.000s (0.008s)	Loss 0.00637 (0.00784)
2021-11-03 15:34:56,950 Test: [0/200]	Time 1.068 (1.068)	Loss 0.0551 (0.0551)
2021-11-03 15:34:57,304 Test: [10/200]	Time 0.033 (0.129)	Loss 0.0270 (0.0488)
2021-11-03 15:34:57,656 Test: [20/200]	Time 0.028 (0.085)	Loss 0.0298 (0.0493)
2021-11-03 15:34:57,997 Test: [30/200]	Time 0.033 (0.068)	Loss 0.0536 (0.0530)
2021-11-03 15:34:58,340 Test: [40/200]	Time 0.035 (0.060)	Loss 0.0591 (0.0543)
2021-11-03 15:34:58,698 Test: [50/200]	Time 0.035 (0.055)	Loss 0.0983 (0.0537)
2021-11-03 15:34:59,066 Test: [60/200]	Time 0.034 (0.052)	Loss 0.0579 (0.0544)
2021-11-03 15:34:59,433 Test: [70/200]	Time 0.037 (0.050)	Loss 0.0406 (0.0552)
2021-11-03 15:34:59,773 Test: [80/200]	Time 0.030 (0.048)	Loss 0.0720 (0.0542)
2021-11-03 15:35:00,136 Test: [90/200]	Time 0.030 (0.047)	Loss 0.0736 (0.0561)
2021-11-03 15:35:00,475 Test: [100/200]	Time 0.031 (0.045)	Loss 0.0657 (0.0558)
2021-11-03 15:35:00,819 Test: [110/200]	Time 0.035 (0.044)	Loss 0.1577 (0.0567)
2021-11-03 15:35:01,185 Test: [120/200]	Time 0.025 (0.044)	Loss 0.0381 (0.0555)
2021-11-03 15:35:01,516 Test: [130/200]	Time 0.031 (0.043)	Loss 0.0471 (0.0556)
2021-11-03 15:35:01,869 Test: [140/200]	Time 0.041 (0.042)	Loss 0.0584 (0.0553)
2021-11-03 15:35:02,242 Test: [150/200]	Time 0.033 (0.042)	Loss 0.0393 (0.0541)
2021-11-03 15:35:02,602 Test: [160/200]	Time 0.037 (0.042)	Loss 0.0677 (0.0544)
2021-11-03 15:35:02,957 Test: [170/200]	Time 0.041 (0.041)	Loss 0.0331 (0.0540)
2021-11-03 15:35:03,307 Test: [180/200]	Time 0.034 (0.041)	Loss 0.0305 (0.0539)
2021-11-03 15:35:03,651 Test: [190/200]	Time 0.034 (0.041)	Loss 0.0208 (0.0538)
2021-11-03 15:35:04,982 Mean IoU score: 0.872
2021-11-03 15:35:04,988 => saving checkpoint to out
2021-11-03 15:35:06,776 Epoch: [16][0/200]	Time 1.770s (1.770s)	Speed 18.1 samples/s	Data 1.195s (1.195s)	Loss 0.00610 (0.00610)
2021-11-03 15:35:11,457 Epoch: [16][10/200]	Time 0.463s (0.586s)	Speed 69.2 samples/s	Data 0.001s (0.109s)	Loss 0.00678 (0.00701)
2021-11-03 15:35:16,050 Epoch: [16][20/200]	Time 0.459s (0.526s)	Speed 69.8 samples/s	Data 0.000s (0.058s)	Loss 0.00795 (0.00737)
2021-11-03 15:35:20,723 Epoch: [16][30/200]	Time 0.473s (0.507s)	Speed 67.7 samples/s	Data 0.001s (0.039s)	Loss 0.00698 (0.00730)
2021-11-03 15:35:25,390 Epoch: [16][40/200]	Time 0.464s (0.497s)	Speed 69.0 samples/s	Data 0.000s (0.030s)	Loss 0.00717 (0.00725)
2021-11-03 15:35:30,005 Epoch: [16][50/200]	Time 0.472s (0.490s)	Speed 67.8 samples/s	Data 0.000s (0.024s)	Loss 0.00812 (0.00720)
2021-11-03 15:35:34,596 Epoch: [16][60/200]	Time 0.451s (0.485s)	Speed 71.0 samples/s	Data 0.000s (0.020s)	Loss 0.00802 (0.00720)
2021-11-03 15:35:39,340 Epoch: [16][70/200]	Time 0.454s (0.484s)	Speed 70.5 samples/s	Data 0.002s (0.018s)	Loss 0.00711 (0.00721)
2021-11-03 15:35:44,009 Epoch: [16][80/200]	Time 0.477s (0.482s)	Speed 67.1 samples/s	Data 0.001s (0.016s)	Loss 0.00508 (0.00712)
2021-11-03 15:35:48,694 Epoch: [16][90/200]	Time 0.474s (0.480s)	Speed 67.5 samples/s	Data 0.001s (0.014s)	Loss 0.00807 (0.00721)
2021-11-03 15:35:53,436 Epoch: [16][100/200]	Time 0.469s (0.480s)	Speed 68.3 samples/s	Data 0.001s (0.013s)	Loss 0.00872 (0.00727)
2021-11-03 15:35:58,169 Epoch: [16][110/200]	Time 0.485s (0.479s)	Speed 66.0 samples/s	Data 0.001s (0.012s)	Loss 0.00675 (0.00727)
2021-11-03 15:36:02,826 Epoch: [16][120/200]	Time 0.434s (0.478s)	Speed 73.8 samples/s	Data 0.001s (0.011s)	Loss 0.00918 (0.00731)
2021-11-03 15:36:07,549 Epoch: [16][130/200]	Time 0.471s (0.477s)	Speed 67.9 samples/s	Data 0.001s (0.010s)	Loss 0.00651 (0.00726)
2021-11-03 15:36:12,236 Epoch: [16][140/200]	Time 0.452s (0.477s)	Speed 70.8 samples/s	Data 0.001s (0.009s)	Loss 0.00809 (0.00725)
2021-11-03 15:36:16,851 Epoch: [16][150/200]	Time 0.454s (0.476s)	Speed 70.5 samples/s	Data 0.000s (0.009s)	Loss 0.00769 (0.00724)
2021-11-03 15:36:21,481 Epoch: [16][160/200]	Time 0.451s (0.475s)	Speed 71.0 samples/s	Data 0.002s (0.008s)	Loss 0.00649 (0.00724)
2021-11-03 15:36:26,155 Epoch: [16][170/200]	Time 0.450s (0.475s)	Speed 71.0 samples/s	Data 0.000s (0.008s)	Loss 0.00896 (0.00727)
2021-11-03 15:36:30,802 Epoch: [16][180/200]	Time 0.468s (0.474s)	Speed 68.4 samples/s	Data 0.001s (0.007s)	Loss 0.00663 (0.00723)
2021-11-03 15:36:35,429 Epoch: [16][190/200]	Time 0.456s (0.473s)	Speed 70.2 samples/s	Data 0.001s (0.007s)	Loss 0.00758 (0.00724)
2021-11-03 15:36:40,821 Test: [0/200]	Time 1.063 (1.063)	Loss 0.0550 (0.0550)
2021-11-03 15:36:41,155 Test: [10/200]	Time 0.027 (0.127)	Loss 0.0223 (0.0484)
2021-11-03 15:36:41,501 Test: [20/200]	Time 0.029 (0.083)	Loss 0.0271 (0.0488)
2021-11-03 15:36:41,854 Test: [30/200]	Time 0.033 (0.068)	Loss 0.0572 (0.0525)
2021-11-03 15:36:42,203 Test: [40/200]	Time 0.030 (0.060)	Loss 0.0502 (0.0533)
2021-11-03 15:36:42,549 Test: [50/200]	Time 0.032 (0.055)	Loss 0.0949 (0.0531)
2021-11-03 15:36:42,907 Test: [60/200]	Time 0.036 (0.052)	Loss 0.0662 (0.0540)
2021-11-03 15:36:43,261 Test: [70/200]	Time 0.031 (0.049)	Loss 0.0374 (0.0544)
2021-11-03 15:36:43,598 Test: [80/200]	Time 0.032 (0.047)	Loss 0.0704 (0.0533)
2021-11-03 15:36:43,937 Test: [90/200]	Time 0.036 (0.046)	Loss 0.0852 (0.0551)
2021-11-03 15:36:44,297 Test: [100/200]	Time 0.033 (0.045)	Loss 0.0646 (0.0550)
2021-11-03 15:36:44,636 Test: [110/200]	Time 0.032 (0.044)	Loss 0.1544 (0.0559)
2021-11-03 15:36:44,968 Test: [120/200]	Time 0.027 (0.043)	Loss 0.0404 (0.0547)
2021-11-03 15:36:45,317 Test: [130/200]	Time 0.032 (0.042)	Loss 0.0466 (0.0548)
2021-11-03 15:36:45,652 Test: [140/200]	Time 0.032 (0.042)	Loss 0.0619 (0.0547)
2021-11-03 15:36:45,991 Test: [150/200]	Time 0.036 (0.041)	Loss 0.0389 (0.0536)
2021-11-03 15:36:46,346 Test: [160/200]	Time 0.035 (0.041)	Loss 0.0612 (0.0539)
2021-11-03 15:36:46,674 Test: [170/200]	Time 0.032 (0.040)	Loss 0.0346 (0.0535)
2021-11-03 15:36:47,018 Test: [180/200]	Time 0.037 (0.040)	Loss 0.0360 (0.0533)
2021-11-03 15:36:47,357 Test: [190/200]	Time 0.031 (0.040)	Loss 0.0190 (0.0532)
2021-11-03 15:36:48,682 Mean IoU score: 0.873
2021-11-03 15:36:48,688 => saving checkpoint to out
2021-11-03 15:36:50,448 Epoch: [17][0/200]	Time 1.740s (1.740s)	Speed 18.4 samples/s	Data 1.168s (1.168s)	Loss 0.00723 (0.00723)
2021-11-03 15:36:55,042 Epoch: [17][10/200]	Time 0.471s (0.576s)	Speed 68.0 samples/s	Data 0.001s (0.107s)	Loss 0.00648 (0.00622)
2021-11-03 15:36:59,708 Epoch: [17][20/200]	Time 0.445s (0.524s)	Speed 71.9 samples/s	Data 0.000s (0.056s)	Loss 0.00682 (0.00647)
2021-11-03 15:37:04,364 Epoch: [17][30/200]	Time 0.487s (0.505s)	Speed 65.7 samples/s	Data 0.000s (0.038s)	Loss 0.00663 (0.00655)
2021-11-03 15:37:08,985 Epoch: [17][40/200]	Time 0.457s (0.495s)	Speed 70.1 samples/s	Data 0.001s (0.029s)	Loss 0.00683 (0.00670)
2021-11-03 15:37:13,680 Epoch: [17][50/200]	Time 0.486s (0.490s)	Speed 65.9 samples/s	Data 0.001s (0.024s)	Loss 0.00800 (0.00678)
2021-11-03 15:37:18,282 Epoch: [17][60/200]	Time 0.463s (0.485s)	Speed 69.2 samples/s	Data 0.001s (0.020s)	Loss 0.00827 (0.00679)
2021-11-03 15:37:22,960 Epoch: [17][70/200]	Time 0.461s (0.482s)	Speed 69.4 samples/s	Data 0.001s (0.017s)	Loss 0.00606 (0.00679)
2021-11-03 15:37:27,776 Epoch: [17][80/200]	Time 0.472s (0.482s)	Speed 67.8 samples/s	Data 0.001s (0.015s)	Loss 0.00820 (0.00678)
2021-11-03 15:37:32,362 Epoch: [17][90/200]	Time 0.442s (0.480s)	Speed 72.4 samples/s	Data 0.001s (0.014s)	Loss 0.00708 (0.00679)
2021-11-03 15:37:36,998 Epoch: [17][100/200]	Time 0.455s (0.478s)	Speed 70.4 samples/s	Data 0.001s (0.012s)	Loss 0.00560 (0.00674)
2021-11-03 15:37:41,619 Epoch: [17][110/200]	Time 0.431s (0.477s)	Speed 74.3 samples/s	Data 0.001s (0.011s)	Loss 0.00513 (0.00679)
2021-11-03 15:37:46,237 Epoch: [17][120/200]	Time 0.441s (0.475s)	Speed 72.6 samples/s	Data 0.001s (0.011s)	Loss 0.00660 (0.00679)
2021-11-03 15:37:51,151 Epoch: [17][130/200]	Time 0.465s (0.477s)	Speed 68.9 samples/s	Data 0.001s (0.010s)	Loss 0.00759 (0.00679)
2021-11-03 15:37:55,871 Epoch: [17][140/200]	Time 0.466s (0.476s)	Speed 68.7 samples/s	Data 0.000s (0.009s)	Loss 0.00558 (0.00676)
2021-11-03 15:38:00,522 Epoch: [17][150/200]	Time 0.451s (0.476s)	Speed 71.0 samples/s	Data 0.000s (0.009s)	Loss 0.00521 (0.00677)
2021-11-03 15:38:05,254 Epoch: [17][160/200]	Time 0.459s (0.475s)	Speed 69.8 samples/s	Data 0.001s (0.008s)	Loss 0.00739 (0.00679)
2021-11-03 15:38:09,937 Epoch: [17][170/200]	Time 0.474s (0.475s)	Speed 67.4 samples/s	Data 0.000s (0.008s)	Loss 0.00724 (0.00682)
2021-11-03 15:38:14,569 Epoch: [17][180/200]	Time 0.474s (0.474s)	Speed 67.6 samples/s	Data 0.001s (0.007s)	Loss 0.00600 (0.00681)
2021-11-03 15:38:19,203 Epoch: [17][190/200]	Time 0.484s (0.474s)	Speed 66.2 samples/s	Data 0.000s (0.007s)	Loss 0.00671 (0.00680)
2021-11-03 15:38:24,594 Test: [0/200]	Time 1.080 (1.080)	Loss 0.0615 (0.0615)
2021-11-03 15:38:24,925 Test: [10/200]	Time 0.032 (0.128)	Loss 0.0308 (0.0510)
2021-11-03 15:38:25,274 Test: [20/200]	Time 0.038 (0.084)	Loss 0.0278 (0.0504)
2021-11-03 15:38:25,608 Test: [30/200]	Time 0.028 (0.068)	Loss 0.0644 (0.0552)
2021-11-03 15:38:25,972 Test: [40/200]	Time 0.034 (0.060)	Loss 0.0556 (0.0557)
2021-11-03 15:38:26,323 Test: [50/200]	Time 0.032 (0.055)	Loss 0.0969 (0.0552)
2021-11-03 15:38:26,658 Test: [60/200]	Time 0.037 (0.052)	Loss 0.0704 (0.0562)
2021-11-03 15:38:27,016 Test: [70/200]	Time 0.034 (0.049)	Loss 0.0424 (0.0571)
2021-11-03 15:38:27,376 Test: [80/200]	Time 0.033 (0.048)	Loss 0.0663 (0.0558)
2021-11-03 15:38:27,715 Test: [90/200]	Time 0.033 (0.046)	Loss 0.0871 (0.0575)
2021-11-03 15:38:28,031 Test: [100/200]	Time 0.037 (0.045)	Loss 0.0730 (0.0573)
2021-11-03 15:38:28,392 Test: [110/200]	Time 0.033 (0.044)	Loss 0.1546 (0.0580)
2021-11-03 15:38:28,731 Test: [120/200]	Time 0.033 (0.043)	Loss 0.0428 (0.0569)
2021-11-03 15:38:29,071 Test: [130/200]	Time 0.032 (0.042)	Loss 0.0462 (0.0571)
2021-11-03 15:38:29,419 Test: [140/200]	Time 0.032 (0.042)	Loss 0.0699 (0.0569)
2021-11-03 15:38:29,755 Test: [150/200]	Time 0.036 (0.041)	Loss 0.0426 (0.0556)
2021-11-03 15:38:30,094 Test: [160/200]	Time 0.032 (0.041)	Loss 0.0615 (0.0557)
2021-11-03 15:38:30,426 Test: [170/200]	Time 0.034 (0.040)	Loss 0.0337 (0.0553)
2021-11-03 15:38:30,776 Test: [180/200]	Time 0.032 (0.040)	Loss 0.0356 (0.0552)
2021-11-03 15:38:31,128 Test: [190/200]	Time 0.035 (0.040)	Loss 0.0193 (0.0549)
2021-11-03 15:38:32,441 Mean IoU score: 0.872
2021-11-03 15:38:32,447 => saving checkpoint to out
2021-11-03 15:38:34,257 Epoch: [18][0/200]	Time 1.795s (1.795s)	Speed 17.8 samples/s	Data 1.175s (1.175s)	Loss 0.00704 (0.00704)
2021-11-03 15:38:38,963 Epoch: [18][10/200]	Time 0.458s (0.591s)	Speed 69.9 samples/s	Data 0.001s (0.108s)	Loss 0.00548 (0.00674)
2021-11-03 15:38:43,640 Epoch: [18][20/200]	Time 0.474s (0.532s)	Speed 67.5 samples/s	Data 0.000s (0.057s)	Loss 0.00841 (0.00673)
2021-11-03 15:38:48,392 Epoch: [18][30/200]	Time 0.456s (0.514s)	Speed 70.2 samples/s	Data 0.001s (0.039s)	Loss 0.00614 (0.00650)
2021-11-03 15:38:53,028 Epoch: [18][40/200]	Time 0.480s (0.502s)	Speed 66.7 samples/s	Data 0.001s (0.030s)	Loss 0.00830 (0.00647)
2021-11-03 15:38:57,799 Epoch: [18][50/200]	Time 0.490s (0.497s)	Speed 65.3 samples/s	Data 0.001s (0.024s)	Loss 0.00595 (0.00639)
2021-11-03 15:39:02,552 Epoch: [18][60/200]	Time 0.474s (0.493s)	Speed 67.5 samples/s	Data 0.001s (0.020s)	Loss 0.00465 (0.00637)
2021-11-03 15:39:07,365 Epoch: [18][70/200]	Time 0.476s (0.492s)	Speed 67.3 samples/s	Data 0.001s (0.018s)	Loss 0.00693 (0.00633)
2021-11-03 15:39:12,052 Epoch: [18][80/200]	Time 0.465s (0.489s)	Speed 68.9 samples/s	Data 0.000s (0.015s)	Loss 0.00619 (0.00628)
2021-11-03 15:39:16,746 Epoch: [18][90/200]	Time 0.452s (0.487s)	Speed 70.8 samples/s	Data 0.001s (0.014s)	Loss 0.00561 (0.00635)
2021-11-03 15:39:21,519 Epoch: [18][100/200]	Time 0.496s (0.486s)	Speed 64.6 samples/s	Data 0.001s (0.013s)	Loss 0.00746 (0.00633)
2021-11-03 15:39:26,299 Epoch: [18][110/200]	Time 0.469s (0.485s)	Speed 68.3 samples/s	Data 0.001s (0.012s)	Loss 0.00747 (0.00636)
2021-11-03 15:39:30,929 Epoch: [18][120/200]	Time 0.453s (0.483s)	Speed 70.7 samples/s	Data 0.000s (0.011s)	Loss 0.00647 (0.00637)
2021-11-03 15:39:35,571 Epoch: [18][130/200]	Time 0.455s (0.482s)	Speed 70.3 samples/s	Data 0.000s (0.010s)	Loss 0.00777 (0.00638)
2021-11-03 15:39:40,337 Epoch: [18][140/200]	Time 0.485s (0.481s)	Speed 66.0 samples/s	Data 0.001s (0.009s)	Loss 0.00527 (0.00641)
2021-11-03 15:39:44,982 Epoch: [18][150/200]	Time 0.471s (0.480s)	Speed 68.0 samples/s	Data 0.000s (0.009s)	Loss 0.00599 (0.00640)
2021-11-03 15:39:49,641 Epoch: [18][160/200]	Time 0.459s (0.479s)	Speed 69.8 samples/s	Data 0.001s (0.008s)	Loss 0.00508 (0.00643)
2021-11-03 15:39:54,324 Epoch: [18][170/200]	Time 0.466s (0.479s)	Speed 68.7 samples/s	Data 0.001s (0.008s)	Loss 0.00722 (0.00644)
2021-11-03 15:39:58,992 Epoch: [18][180/200]	Time 0.467s (0.478s)	Speed 68.6 samples/s	Data 0.000s (0.007s)	Loss 0.00765 (0.00645)
2021-11-03 15:40:03,748 Epoch: [18][190/200]	Time 0.469s (0.478s)	Speed 68.3 samples/s	Data 0.001s (0.007s)	Loss 0.00679 (0.00644)
2021-11-03 15:40:09,169 Test: [0/200]	Time 1.072 (1.072)	Loss 0.0579 (0.0579)
2021-11-03 15:40:09,513 Test: [10/200]	Time 0.039 (0.129)	Loss 0.0289 (0.0511)
2021-11-03 15:40:09,870 Test: [20/200]	Time 0.035 (0.084)	Loss 0.0308 (0.0525)
2021-11-03 15:40:10,230 Test: [30/200]	Time 0.035 (0.069)	Loss 0.0657 (0.0553)
2021-11-03 15:40:10,584 Test: [40/200]	Time 0.032 (0.061)	Loss 0.0587 (0.0563)
2021-11-03 15:40:10,943 Test: [50/200]	Time 0.035 (0.056)	Loss 0.0942 (0.0554)
2021-11-03 15:40:11,298 Test: [60/200]	Time 0.036 (0.052)	Loss 0.0709 (0.0566)
2021-11-03 15:40:11,671 Test: [70/200]	Time 0.032 (0.050)	Loss 0.0384 (0.0570)
2021-11-03 15:40:11,989 Test: [80/200]	Time 0.027 (0.048)	Loss 0.0689 (0.0560)
2021-11-03 15:40:12,348 Test: [90/200]	Time 0.037 (0.047)	Loss 0.0787 (0.0580)
2021-11-03 15:40:12,719 Test: [100/200]	Time 0.033 (0.046)	Loss 0.0645 (0.0577)
2021-11-03 15:40:13,078 Test: [110/200]	Time 0.034 (0.045)	Loss 0.1509 (0.0584)
2021-11-03 15:40:13,441 Test: [120/200]	Time 0.036 (0.044)	Loss 0.0429 (0.0572)
2021-11-03 15:40:13,818 Test: [130/200]	Time 0.037 (0.044)	Loss 0.0542 (0.0574)
2021-11-03 15:40:14,152 Test: [140/200]	Time 0.037 (0.043)	Loss 0.0602 (0.0571)
2021-11-03 15:40:14,494 Test: [150/200]	Time 0.040 (0.042)	Loss 0.0441 (0.0561)
2021-11-03 15:40:14,831 Test: [160/200]	Time 0.026 (0.042)	Loss 0.0672 (0.0566)
2021-11-03 15:40:15,187 Test: [170/200]	Time 0.030 (0.041)	Loss 0.0298 (0.0562)
2021-11-03 15:40:15,547 Test: [180/200]	Time 0.038 (0.041)	Loss 0.0341 (0.0559)
2021-11-03 15:40:15,884 Test: [190/200]	Time 0.032 (0.041)	Loss 0.0201 (0.0556)
2021-11-03 15:40:17,180 Mean IoU score: 0.871
2021-11-03 15:40:17,186 => saving checkpoint to out
2021-11-03 15:40:18,974 Epoch: [19][0/200]	Time 1.774s (1.774s)	Speed 18.0 samples/s	Data 1.180s (1.180s)	Loss 0.00705 (0.00705)
2021-11-03 15:40:23,680 Epoch: [19][10/200]	Time 0.481s (0.589s)	Speed 66.6 samples/s	Data 0.001s (0.108s)	Loss 0.00740 (0.00630)
2021-11-03 15:40:28,330 Epoch: [19][20/200]	Time 0.470s (0.530s)	Speed 68.0 samples/s	Data 0.001s (0.057s)	Loss 0.00570 (0.00606)
2021-11-03 15:40:33,091 Epoch: [19][30/200]	Time 0.458s (0.513s)	Speed 69.9 samples/s	Data 0.001s (0.039s)	Loss 0.00711 (0.00612)
2021-11-03 15:40:37,716 Epoch: [19][40/200]	Time 0.467s (0.500s)	Speed 68.6 samples/s	Data 0.000s (0.030s)	Loss 0.00504 (0.00606)
2021-11-03 15:40:42,377 Epoch: [19][50/200]	Time 0.448s (0.494s)	Speed 71.5 samples/s	Data 0.001s (0.024s)	Loss 0.00659 (0.00610)
2021-11-03 15:40:47,032 Epoch: [19][60/200]	Time 0.455s (0.489s)	Speed 70.4 samples/s	Data 0.001s (0.020s)	Loss 0.00633 (0.00608)
2021-11-03 15:40:51,745 Epoch: [19][70/200]	Time 0.528s (0.487s)	Speed 60.6 samples/s	Data 0.001s (0.018s)	Loss 0.00569 (0.00605)
2021-11-03 15:40:56,522 Epoch: [19][80/200]	Time 0.464s (0.485s)	Speed 69.0 samples/s	Data 0.001s (0.015s)	Loss 0.00634 (0.00608)
2021-11-03 15:41:01,194 Epoch: [19][90/200]	Time 0.465s (0.483s)	Speed 68.9 samples/s	Data 0.001s (0.014s)	Loss 0.00642 (0.00613)
2021-11-03 15:41:05,842 Epoch: [19][100/200]	Time 0.462s (0.482s)	Speed 69.2 samples/s	Data 0.000s (0.013s)	Loss 0.00775 (0.00613)
2021-11-03 15:41:10,571 Epoch: [19][110/200]	Time 0.477s (0.481s)	Speed 67.1 samples/s	Data 0.001s (0.012s)	Loss 0.00591 (0.00613)
2021-11-03 15:41:15,217 Epoch: [19][120/200]	Time 0.478s (0.479s)	Speed 67.0 samples/s	Data 0.001s (0.011s)	Loss 0.00584 (0.00612)
2021-11-03 15:41:19,865 Epoch: [19][130/200]	Time 0.465s (0.478s)	Speed 68.9 samples/s	Data 0.001s (0.010s)	Loss 0.00664 (0.00613)
2021-11-03 15:41:24,535 Epoch: [19][140/200]	Time 0.455s (0.478s)	Speed 70.4 samples/s	Data 0.001s (0.009s)	Loss 0.00538 (0.00620)
2021-11-03 15:41:29,193 Epoch: [19][150/200]	Time 0.469s (0.477s)	Speed 68.3 samples/s	Data 0.001s (0.009s)	Loss 0.00659 (0.00622)
2021-11-03 15:41:33,840 Epoch: [19][160/200]	Time 0.443s (0.476s)	Speed 72.3 samples/s	Data 0.000s (0.008s)	Loss 0.00762 (0.00624)
2021-11-03 15:41:38,456 Epoch: [19][170/200]	Time 0.465s (0.475s)	Speed 68.9 samples/s	Data 0.001s (0.008s)	Loss 0.00537 (0.00624)
2021-11-03 15:41:43,163 Epoch: [19][180/200]	Time 0.470s (0.475s)	Speed 68.1 samples/s	Data 0.001s (0.007s)	Loss 0.00714 (0.00624)
2021-11-03 15:41:47,757 Epoch: [19][190/200]	Time 0.457s (0.474s)	Speed 70.0 samples/s	Data 0.001s (0.007s)	Loss 0.00679 (0.00627)
2021-11-03 15:41:53,205 Test: [0/200]	Time 1.084 (1.084)	Loss 0.0630 (0.0630)
2021-11-03 15:41:53,545 Test: [10/200]	Time 0.026 (0.130)	Loss 0.0249 (0.0510)
2021-11-03 15:41:53,911 Test: [20/200]	Time 0.031 (0.085)	Loss 0.0253 (0.0516)
2021-11-03 15:41:54,271 Test: [30/200]	Time 0.037 (0.069)	Loss 0.0746 (0.0575)
2021-11-03 15:41:54,625 Test: [40/200]	Time 0.036 (0.061)	Loss 0.0540 (0.0586)
2021-11-03 15:41:54,961 Test: [50/200]	Time 0.031 (0.056)	Loss 0.0970 (0.0581)
2021-11-03 15:41:55,308 Test: [60/200]	Time 0.034 (0.052)	Loss 0.0713 (0.0592)
2021-11-03 15:41:55,694 Test: [70/200]	Time 0.041 (0.050)	Loss 0.0361 (0.0596)
2021-11-03 15:41:56,053 Test: [80/200]	Time 0.032 (0.049)	Loss 0.0915 (0.0586)
2021-11-03 15:41:56,388 Test: [90/200]	Time 0.032 (0.047)	Loss 0.0827 (0.0600)
2021-11-03 15:41:56,745 Test: [100/200]	Time 0.032 (0.046)	Loss 0.0741 (0.0599)
2021-11-03 15:41:57,088 Test: [110/200]	Time 0.038 (0.045)	Loss 0.1665 (0.0605)
2021-11-03 15:41:57,445 Test: [120/200]	Time 0.033 (0.044)	Loss 0.0446 (0.0595)
2021-11-03 15:41:57,792 Test: [130/200]	Time 0.028 (0.043)	Loss 0.0481 (0.0597)
2021-11-03 15:41:58,163 Test: [140/200]	Time 0.036 (0.043)	Loss 0.0691 (0.0596)
2021-11-03 15:41:58,524 Test: [150/200]	Time 0.037 (0.042)	Loss 0.0446 (0.0583)
2021-11-03 15:41:58,889 Test: [160/200]	Time 0.035 (0.042)	Loss 0.0631 (0.0587)
2021-11-03 15:41:59,243 Test: [170/200]	Time 0.033 (0.042)	Loss 0.0398 (0.0581)
2021-11-03 15:41:59,600 Test: [180/200]	Time 0.031 (0.041)	Loss 0.0375 (0.0578)
2021-11-03 15:41:59,961 Test: [190/200]	Time 0.034 (0.041)	Loss 0.0198 (0.0575)
2021-11-03 15:42:01,261 Mean IoU score: 0.867
2021-11-03 15:42:01,267 => saving checkpoint to out
2021-11-03 15:42:01,282 saving final model state to out\final_state.pth.tar
